This file contains any messages produced by compilers while
running configure, to aid debugging if configure makes a mistake.

It was created by jansson configure 2.13, which was
generated by GNU Autoconf 2.72.  Invocation command line was

  $ configure --host=x86_64-elf-anos

## --------- ##
## Platform. ##
## --------- ##

hostname = Rosss-MacBook-Pro.local
uname -m = arm64
uname -r = 24.6.0
uname -s = Darwin
uname -v = Darwin Kernel Version 24.6.0: Mon Jul 14 11:30:40 PDT 2025; root:xnu-11417.140.69~1/RELEASE_ARM64_T6041

/usr/bin/uname -p = arm
/bin/uname -X     = unknown

/bin/arch              = unknown
/usr/bin/arch -k       = unknown
/usr/convex/getsysinfo = unknown
/usr/bin/hostinfo      = Mach kernel version:
	 Darwin Kernel Version 24.6.0: Mon Jul 14 11:30:40 PDT 2025; root:xnu-11417.140.69~1/RELEASE_ARM64_T6041
Kernel configured for up to 14 processors.
14 processors are physically available.
14 processors are logically available.
Processor type: arm64e (ARM64E)
Processors active: 0 1 2 3 4 5 6 7 8 9 10 11 12 13
Primary memory available: 48.00 gigabytes
Default processor set: 1042 tasks, 4825 threads, 14 processors
Load average: 1.92, Mach factor: 12.07
/bin/machine           = unknown
/usr/bin/oslevel       = unknown
/bin/universe          = unknown

PATH: /opt/homebrew/share/google-cloud-sdk/bin/
PATH: /opt/homebrew/opt/ruby/bin/
PATH: /Users/rosco/bin/
PATH: /Users/rosco/opt/cross-anos/bin/
PATH: /opt/homebrew/bin/
PATH: /opt/homebrew/sbin/
PATH: /usr/local/bin/
PATH: /System/Cryptexes/App/usr/bin/
PATH: /usr/bin/
PATH: /bin/
PATH: /usr/sbin/
PATH: /sbin/
PATH: /var/run/com.apple.security.cryptexd/codex.system/bootstrap/usr/local/bin/
PATH: /var/run/com.apple.security.cryptexd/codex.system/bootstrap/usr/bin/
PATH: /var/run/com.apple.security.cryptexd/codex.system/bootstrap/usr/appleinternal/bin/
PATH: /Library/Apple/usr/bin/
PATH: /opt/homebrew/share/google-cloud-sdk/bin/
PATH: /opt/homebrew/opt/ruby/bin/
PATH: /Users/rosco/bin/
PATH: /Users/rosco/opt/cross-anos/bin/


## ----------- ##
## Core tests. ##
## ----------- ##

configure:2940: looking for aux files: config.guess config.sub ltmain.sh compile missing install-sh
configure:2953:  trying ././
configure:2982:   ././config.guess found
configure:2982:   ././config.sub found
configure:2982:   ././ltmain.sh found
configure:2982:   ././compile found
configure:2982:   ././missing found
configure:2964:   ././install-sh found
configure:3114: checking for a BSD-compatible install
configure:3188: result: /usr/bin/install -c
configure:3199: checking whether build environment is sane
configure:3254: result: yes
configure:3315: checking for x86_64-elf-anos-strip
configure:3336: found /Users/rosco/opt/cross-anos/bin/x86_64-elf-anos-strip
configure:3348: result: x86_64-elf-anos-strip
configure:3420: checking for a race-free mkdir -p
configure:3463: result: mkdir -p
configure:3470: checking for gawk
configure:3506: result: no
configure:3470: checking for mawk
configure:3506: result: no
configure:3470: checking for nawk
configure:3506: result: no
configure:3470: checking for awk
configure:3491: found /usr/bin/awk
configure:3503: result: awk
configure:3514: checking whether make sets $(MAKE)
configure:3538: result: yes
configure:3568: checking whether make supports nested variables
configure:3587: result: yes
configure:3732: checking for x86_64-elf-anos-gcc
configure:3753: found /Users/rosco/opt/cross-anos/bin/x86_64-elf-anos-gcc
configure:3765: result: x86_64-elf-anos-gcc
configure:4170: checking for C compiler version
configure:4179: x86_64-elf-anos-gcc --version >&5
x86_64-elf-anos-gcc (GCC) 16.0.0 20250530 (experimental)
Copyright (C) 2025 Free Software Foundation, Inc.
This is free software; see the source for copying conditions.  There is NO
warranty; not even for MERCHANTABILITY or FITNESS FOR A PARTICULAR PURPOSE.

configure:4190: $? = 0
configure:4179: x86_64-elf-anos-gcc -v >&5
Using built-in specs.
COLLECT_GCC=x86_64-elf-anos-gcc
COLLECT_LTO_WRAPPER=/Users/rosco/opt/cross-anos/libexec/gcc/x86_64-elf-anos/16.0.0/lto-wrapper
Target: x86_64-elf-anos
Configured with: ../srcw/configure --target=x86_64-elf-anos --enable-languages=c,c++ --with-newlib --prefix=/Users/rosco/opt/cross-anos --disable-debug --disable-dependency-tracking --disable-silent-rules --disable-nls --with-debug-prefix-map='../../../srcw='\''/Users/rosco/Developer/myprojects/anos-toolchain/srcw'\''' --with-debug-prefix-map='../../../../srcw='\''/Users/rosco/Developer/myprojects/anos-toolchain/srcw'\''' --with-debug-prefix-map='../../../../../srcw='\''/Users/rosco/Developer/myprojects/anos-toolchain/srcw'\''' --with-gmp=/opt/homebrew/opt/gmp --with-mpfr=/opt/homebrew/opt/mpfr --with-mpc=/opt/homebrew/opt/libmpc
Thread model: single
Supported LTO compression algorithms: zlib
gcc version 16.0.0 20250530 (experimental) (GCC) 
configure:4190: $? = 0
configure:4179: x86_64-elf-anos-gcc -V >&5
x86_64-elf-anos-gcc: error: unrecognized command-line option '-V'
x86_64-elf-anos-gcc: fatal error: no input files
compilation terminated.
configure:4190: $? = 1
configure:4179: x86_64-elf-anos-gcc -qversion >&5
x86_64-elf-anos-gcc: error: unrecognized command-line option '-qversion'; did you mean '--version'?
x86_64-elf-anos-gcc: fatal error: no input files
compilation terminated.
configure:4190: $? = 1
configure:4179: x86_64-elf-anos-gcc -version >&5
x86_64-elf-anos-gcc: error: unrecognized command-line option '-version'
x86_64-elf-anos-gcc: fatal error: no input files
compilation terminated.
configure:4190: $? = 1
configure:4210: checking whether the C compiler works
configure:4232: x86_64-elf-anos-gcc    conftest.c  >&5
/Users/rosco/opt/cross-anos/lib/gcc/x86_64-elf-anos/16.0.0/../../../../x86_64-elf-anos/bin/ld: error in /Users/rosco/opt/cross-anos/lib/gcc/x86_64-elf-anos/16.0.0/crtend.o(.eh_frame); no .eh_frame_hdr table will be created
configure:4236: $? = 0
configure:4287: result: yes
configure:4291: checking for C compiler default output file name
configure:4293: result: a.out
configure:4299: checking for suffix of executables
configure:4306: x86_64-elf-anos-gcc -o conftest    conftest.c  >&5
/Users/rosco/opt/cross-anos/lib/gcc/x86_64-elf-anos/16.0.0/../../../../x86_64-elf-anos/bin/ld: error in /Users/rosco/opt/cross-anos/lib/gcc/x86_64-elf-anos/16.0.0/crtend.o(.eh_frame); no .eh_frame_hdr table will be created
configure:4310: $? = 0
configure:4334: result: 
configure:4358: checking whether we are cross compiling
configure:4366: x86_64-elf-anos-gcc -o conftest    conftest.c  >&5
/Users/rosco/opt/cross-anos/lib/gcc/x86_64-elf-anos/16.0.0/../../../../x86_64-elf-anos/bin/ld: error in /Users/rosco/opt/cross-anos/lib/gcc/x86_64-elf-anos/16.0.0/crtend.o(.eh_frame); no .eh_frame_hdr table will be created
configure:4370: $? = 0
configure:4377: ./conftest
configure: line 4379: ./conftest: cannot execute binary file
configure:4381: $? = 126
configure:4396: result: yes
configure:4402: checking for suffix of object files
configure:4425: x86_64-elf-anos-gcc -c   conftest.c >&5
configure:4429: $? = 0
configure:4453: result: o
configure:4457: checking whether the compiler supports GNU C
configure:4477: x86_64-elf-anos-gcc -c   conftest.c >&5
configure:4477: $? = 0
configure:4489: result: yes
configure:4500: checking whether x86_64-elf-anos-gcc accepts -g
configure:4521: x86_64-elf-anos-gcc -c -g  conftest.c >&5
configure:4521: $? = 0
configure:4568: result: yes
configure:4588: checking for x86_64-elf-anos-gcc option to enable C11 features
configure:4603: x86_64-elf-anos-gcc  -c -g -O2  conftest.c >&5
configure:4603: $? = 0
configure:4622: result: none needed
configure:4746: checking whether x86_64-elf-anos-gcc understands -c and -o together
configure:4769: x86_64-elf-anos-gcc -c conftest.c -o conftest2.o
configure:4772: $? = 0
configure:4769: x86_64-elf-anos-gcc -c conftest.c -o conftest2.o
configure:4772: $? = 0
configure:4785: result: yes
configure:4805: checking whether make supports the include directive
configure:4820: make -f confmf.GNU && cat confinc.out
this is the am__doit target
configure:4823: $? = 0
configure:4842: result: yes (GNU style)
configure:4868: checking dependency style of x86_64-elf-anos-gcc
configure:4981: result: gcc3
configure:5016: checking for x86_64-elf-anos-g++
configure:5037: found /Users/rosco/opt/cross-anos/bin/x86_64-elf-anos-g++
configure:5049: result: x86_64-elf-anos-g++
configure:5126: checking for C++ compiler version
configure:5135: x86_64-elf-anos-g++ --version >&5
x86_64-elf-anos-g++ (GCC) 16.0.0 20250530 (experimental)
Copyright (C) 2025 Free Software Foundation, Inc.
This is free software; see the source for copying conditions.  There is NO
warranty; not even for MERCHANTABILITY or FITNESS FOR A PARTICULAR PURPOSE.

configure:5146: $? = 0
configure:5135: x86_64-elf-anos-g++ -v >&5
Using built-in specs.
COLLECT_GCC=x86_64-elf-anos-g++
COLLECT_LTO_WRAPPER=/Users/rosco/opt/cross-anos/libexec/gcc/x86_64-elf-anos/16.0.0/lto-wrapper
Target: x86_64-elf-anos
Configured with: ../srcw/configure --target=x86_64-elf-anos --enable-languages=c,c++ --with-newlib --prefix=/Users/rosco/opt/cross-anos --disable-debug --disable-dependency-tracking --disable-silent-rules --disable-nls --with-debug-prefix-map='../../../srcw='\''/Users/rosco/Developer/myprojects/anos-toolchain/srcw'\''' --with-debug-prefix-map='../../../../srcw='\''/Users/rosco/Developer/myprojects/anos-toolchain/srcw'\''' --with-debug-prefix-map='../../../../../srcw='\''/Users/rosco/Developer/myprojects/anos-toolchain/srcw'\''' --with-gmp=/opt/homebrew/opt/gmp --with-mpfr=/opt/homebrew/opt/mpfr --with-mpc=/opt/homebrew/opt/libmpc
Thread model: single
Supported LTO compression algorithms: zlib
gcc version 16.0.0 20250530 (experimental) (GCC) 
configure:5146: $? = 0
configure:5135: x86_64-elf-anos-g++ -V >&5
x86_64-elf-anos-g++: error: unrecognized command-line option '-V'
x86_64-elf-anos-g++: fatal error: no input files
compilation terminated.
configure:5146: $? = 1
configure:5135: x86_64-elf-anos-g++ -qversion >&5
x86_64-elf-anos-g++: error: unrecognized command-line option '-qversion'; did you mean '--version'?
x86_64-elf-anos-g++: fatal error: no input files
compilation terminated.
configure:5146: $? = 1
configure:5150: checking whether the compiler supports GNU C++
configure:5170: x86_64-elf-anos-g++ -c   conftest.cpp >&5
configure:5170: $? = 0
configure:5182: result: yes
configure:5193: checking whether x86_64-elf-anos-g++ accepts -g
configure:5214: x86_64-elf-anos-g++ -c -g  conftest.cpp >&5
configure:5214: $? = 0
configure:5261: result: yes
configure:5281: checking for x86_64-elf-anos-g++ option to enable C++11 features
configure:5296: x86_64-elf-anos-g++  -c -g -O2  conftest.cpp >&5
conftest.cpp:19:10: fatal error: cstdlib: No such file or directory
   19 | #include <cstdlib>
      |          ^~~~~~~~~
compilation terminated.
configure:5296: $? = 1
configure: failed program was:
| /* confdefs.h */
| #define PACKAGE_NAME "jansson"
| #define PACKAGE_TARNAME "jansson"
| #define PACKAGE_VERSION "2.13"
| #define PACKAGE_STRING "jansson 2.13"
| #define PACKAGE_BUGREPORT "https://github.com/akheron/jansson/issues"
| #define PACKAGE_URL ""
| #define PACKAGE "jansson"
| #define VERSION "2.13"
| /* end confdefs.h.  */
| 
| // Does the compiler advertise C++98 conformance?
| #if !defined __cplusplus || __cplusplus < 199711L
| # error "Compiler does not advertise C++98 conformance"
| #endif
| 
| // These inclusions are to reject old compilers that
| // lack the unsuffixed header files.
| #include <cstdlib>
| #include <exception>
| 
| // <cassert> and <cstring> are *not* freestanding headers in C++98.
| extern void assert (int);
| namespace std {
|   extern int strcmp (const char *, const char *);
| }
| 
| // Namespaces, exceptions, and templates were all added after "C++ 2.0".
| using std::exception;
| using std::strcmp;
| 
| namespace {
| 
| void test_exception_syntax()
| {
|   try {
|     throw "test";
|   } catch (const char *s) {
|     // Extra parentheses suppress a warning when building autoconf itself,
|     // due to lint rules shared with more typical C programs.
|     assert (!(strcmp) (s, "test"));
|   }
| }
| 
| template <typename T> struct test_template
| {
|   T const val;
|   explicit test_template(T t) : val(t) {}
|   template <typename U> T add(U u) { return static_cast<T>(u) + val; }
| };
| 
| } // anonymous namespace
| 
| 
| // Does the compiler advertise C++ 2011 conformance?
| #if !defined __cplusplus || __cplusplus < 201103L
| # error "Compiler does not advertise C++11 conformance"
| #endif
| 
| namespace cxx11test
| {
|   constexpr int get_val() { return 20; }
| 
|   struct testinit
|   {
|     int i;
|     double d;
|   };
| 
|   class delegate
|   {
|   public:
|     delegate(int n) : n(n) {}
|     delegate(): delegate(2354) {}
| 
|     virtual int getval() { return this->n; };
|   protected:
|     int n;
|   };
| 
|   class overridden : public delegate
|   {
|   public:
|     overridden(int n): delegate(n) {}
|     virtual int getval() override final { return this->n * 2; }
|   };
| 
|   class nocopy
|   {
|   public:
|     nocopy(int i): i(i) {}
|     nocopy() = default;
|     nocopy(const nocopy&) = delete;
|     nocopy & operator=(const nocopy&) = delete;
|   private:
|     int i;
|   };
| 
|   // for testing lambda expressions
|   template <typename Ret, typename Fn> Ret eval(Fn f, Ret v)
|   {
|     return f(v);
|   }
| 
|   // for testing variadic templates and trailing return types
|   template <typename V> auto sum(V first) -> V
|   {
|     return first;
|   }
|   template <typename V, typename... Args> auto sum(V first, Args... rest) -> V
|   {
|     return first + sum(rest...);
|   }
| }
| 
| 
| int
| main (int argc, char **argv)
| {
|   int ok = 0;
|   
|   assert (argc);
|   assert (! argv[0]);
| {
|   test_exception_syntax ();
|   test_template<double> tt (2.0);
|   assert (tt.add (4) == 6.0);
|   assert (true && !false);
| }
| 
|   
| {
|   // Test auto and decltype
|   auto a1 = 6538;
|   auto a2 = 48573953.4;
|   auto a3 = "String literal";
| 
|   int total = 0;
|   for (auto i = a3; *i; ++i) { total += *i; }
| 
|   decltype(a2) a4 = 34895.034;
| }
| {
|   // Test constexpr
|   short sa[cxx11test::get_val()] = { 0 };
| }
| {
|   // Test initializer lists
|   cxx11test::testinit il = { 4323, 435234.23544 };
| }
| {
|   // Test range-based for
|   int array[] = {9, 7, 13, 15, 4, 18, 12, 10, 5, 3,
|                  14, 19, 17, 8, 6, 20, 16, 2, 11, 1};
|   for (auto &x : array) { x += 23; }
| }
| {
|   // Test lambda expressions
|   using cxx11test::eval;
|   assert (eval ([](int x) { return x*2; }, 21) == 42);
|   double d = 2.0;
|   assert (eval ([&](double x) { return d += x; }, 3.0) == 5.0);
|   assert (d == 5.0);
|   assert (eval ([=](double x) mutable { return d += x; }, 4.0) == 9.0);
|   assert (d == 5.0);
| }
| {
|   // Test use of variadic templates
|   using cxx11test::sum;
|   auto a = sum(1);
|   auto b = sum(1, 2);
|   auto c = sum(1.0, 2.0, 3.0);
| }
| {
|   // Test constructor delegation
|   cxx11test::delegate d1;
|   cxx11test::delegate d2();
|   cxx11test::delegate d3(45);
| }
| {
|   // Test override and final
|   cxx11test::overridden o1(55464);
| }
| {
|   // Test nullptr
|   char *c = nullptr;
| }
| {
|   // Test template brackets
|   test_template<::test_template<int>> v(test_template<int>(12));
| }
| {
|   // Unicode literals
|   char const *utf8 = u8"UTF-8 string \u2500";
|   char16_t const *utf16 = u"UTF-8 string \u2500";
|   char32_t const *utf32 = U"UTF-32 string \u2500";
| }
| 
|   return ok;
| }
| 
configure:5296: x86_64-elf-anos-g++ -std=gnu++11 -c -g -O2  conftest.cpp >&5
conftest.cpp:19:10: fatal error: cstdlib: No such file or directory
   19 | #include <cstdlib>
      |          ^~~~~~~~~
compilation terminated.
configure:5296: $? = 1
configure: failed program was:
| /* confdefs.h */
| #define PACKAGE_NAME "jansson"
| #define PACKAGE_TARNAME "jansson"
| #define PACKAGE_VERSION "2.13"
| #define PACKAGE_STRING "jansson 2.13"
| #define PACKAGE_BUGREPORT "https://github.com/akheron/jansson/issues"
| #define PACKAGE_URL ""
| #define PACKAGE "jansson"
| #define VERSION "2.13"
| /* end confdefs.h.  */
| 
| // Does the compiler advertise C++98 conformance?
| #if !defined __cplusplus || __cplusplus < 199711L
| # error "Compiler does not advertise C++98 conformance"
| #endif
| 
| // These inclusions are to reject old compilers that
| // lack the unsuffixed header files.
| #include <cstdlib>
| #include <exception>
| 
| // <cassert> and <cstring> are *not* freestanding headers in C++98.
| extern void assert (int);
| namespace std {
|   extern int strcmp (const char *, const char *);
| }
| 
| // Namespaces, exceptions, and templates were all added after "C++ 2.0".
| using std::exception;
| using std::strcmp;
| 
| namespace {
| 
| void test_exception_syntax()
| {
|   try {
|     throw "test";
|   } catch (const char *s) {
|     // Extra parentheses suppress a warning when building autoconf itself,
|     // due to lint rules shared with more typical C programs.
|     assert (!(strcmp) (s, "test"));
|   }
| }
| 
| template <typename T> struct test_template
| {
|   T const val;
|   explicit test_template(T t) : val(t) {}
|   template <typename U> T add(U u) { return static_cast<T>(u) + val; }
| };
| 
| } // anonymous namespace
| 
| 
| // Does the compiler advertise C++ 2011 conformance?
| #if !defined __cplusplus || __cplusplus < 201103L
| # error "Compiler does not advertise C++11 conformance"
| #endif
| 
| namespace cxx11test
| {
|   constexpr int get_val() { return 20; }
| 
|   struct testinit
|   {
|     int i;
|     double d;
|   };
| 
|   class delegate
|   {
|   public:
|     delegate(int n) : n(n) {}
|     delegate(): delegate(2354) {}
| 
|     virtual int getval() { return this->n; };
|   protected:
|     int n;
|   };
| 
|   class overridden : public delegate
|   {
|   public:
|     overridden(int n): delegate(n) {}
|     virtual int getval() override final { return this->n * 2; }
|   };
| 
|   class nocopy
|   {
|   public:
|     nocopy(int i): i(i) {}
|     nocopy() = default;
|     nocopy(const nocopy&) = delete;
|     nocopy & operator=(const nocopy&) = delete;
|   private:
|     int i;
|   };
| 
|   // for testing lambda expressions
|   template <typename Ret, typename Fn> Ret eval(Fn f, Ret v)
|   {
|     return f(v);
|   }
| 
|   // for testing variadic templates and trailing return types
|   template <typename V> auto sum(V first) -> V
|   {
|     return first;
|   }
|   template <typename V, typename... Args> auto sum(V first, Args... rest) -> V
|   {
|     return first + sum(rest...);
|   }
| }
| 
| 
| int
| main (int argc, char **argv)
| {
|   int ok = 0;
|   
|   assert (argc);
|   assert (! argv[0]);
| {
|   test_exception_syntax ();
|   test_template<double> tt (2.0);
|   assert (tt.add (4) == 6.0);
|   assert (true && !false);
| }
| 
|   
| {
|   // Test auto and decltype
|   auto a1 = 6538;
|   auto a2 = 48573953.4;
|   auto a3 = "String literal";
| 
|   int total = 0;
|   for (auto i = a3; *i; ++i) { total += *i; }
| 
|   decltype(a2) a4 = 34895.034;
| }
| {
|   // Test constexpr
|   short sa[cxx11test::get_val()] = { 0 };
| }
| {
|   // Test initializer lists
|   cxx11test::testinit il = { 4323, 435234.23544 };
| }
| {
|   // Test range-based for
|   int array[] = {9, 7, 13, 15, 4, 18, 12, 10, 5, 3,
|                  14, 19, 17, 8, 6, 20, 16, 2, 11, 1};
|   for (auto &x : array) { x += 23; }
| }
| {
|   // Test lambda expressions
|   using cxx11test::eval;
|   assert (eval ([](int x) { return x*2; }, 21) == 42);
|   double d = 2.0;
|   assert (eval ([&](double x) { return d += x; }, 3.0) == 5.0);
|   assert (d == 5.0);
|   assert (eval ([=](double x) mutable { return d += x; }, 4.0) == 9.0);
|   assert (d == 5.0);
| }
| {
|   // Test use of variadic templates
|   using cxx11test::sum;
|   auto a = sum(1);
|   auto b = sum(1, 2);
|   auto c = sum(1.0, 2.0, 3.0);
| }
| {
|   // Test constructor delegation
|   cxx11test::delegate d1;
|   cxx11test::delegate d2();
|   cxx11test::delegate d3(45);
| }
| {
|   // Test override and final
|   cxx11test::overridden o1(55464);
| }
| {
|   // Test nullptr
|   char *c = nullptr;
| }
| {
|   // Test template brackets
|   test_template<::test_template<int>> v(test_template<int>(12));
| }
| {
|   // Unicode literals
|   char const *utf8 = u8"UTF-8 string \u2500";
|   char16_t const *utf16 = u"UTF-8 string \u2500";
|   char32_t const *utf32 = U"UTF-32 string \u2500";
| }
| 
|   return ok;
| }
| 
configure:5296: x86_64-elf-anos-g++ -std=gnu++0x -c -g -O2  conftest.cpp >&5
conftest.cpp:19:10: fatal error: cstdlib: No such file or directory
   19 | #include <cstdlib>
      |          ^~~~~~~~~
compilation terminated.
configure:5296: $? = 1
configure: failed program was:
| /* confdefs.h */
| #define PACKAGE_NAME "jansson"
| #define PACKAGE_TARNAME "jansson"
| #define PACKAGE_VERSION "2.13"
| #define PACKAGE_STRING "jansson 2.13"
| #define PACKAGE_BUGREPORT "https://github.com/akheron/jansson/issues"
| #define PACKAGE_URL ""
| #define PACKAGE "jansson"
| #define VERSION "2.13"
| /* end confdefs.h.  */
| 
| // Does the compiler advertise C++98 conformance?
| #if !defined __cplusplus || __cplusplus < 199711L
| # error "Compiler does not advertise C++98 conformance"
| #endif
| 
| // These inclusions are to reject old compilers that
| // lack the unsuffixed header files.
| #include <cstdlib>
| #include <exception>
| 
| // <cassert> and <cstring> are *not* freestanding headers in C++98.
| extern void assert (int);
| namespace std {
|   extern int strcmp (const char *, const char *);
| }
| 
| // Namespaces, exceptions, and templates were all added after "C++ 2.0".
| using std::exception;
| using std::strcmp;
| 
| namespace {
| 
| void test_exception_syntax()
| {
|   try {
|     throw "test";
|   } catch (const char *s) {
|     // Extra parentheses suppress a warning when building autoconf itself,
|     // due to lint rules shared with more typical C programs.
|     assert (!(strcmp) (s, "test"));
|   }
| }
| 
| template <typename T> struct test_template
| {
|   T const val;
|   explicit test_template(T t) : val(t) {}
|   template <typename U> T add(U u) { return static_cast<T>(u) + val; }
| };
| 
| } // anonymous namespace
| 
| 
| // Does the compiler advertise C++ 2011 conformance?
| #if !defined __cplusplus || __cplusplus < 201103L
| # error "Compiler does not advertise C++11 conformance"
| #endif
| 
| namespace cxx11test
| {
|   constexpr int get_val() { return 20; }
| 
|   struct testinit
|   {
|     int i;
|     double d;
|   };
| 
|   class delegate
|   {
|   public:
|     delegate(int n) : n(n) {}
|     delegate(): delegate(2354) {}
| 
|     virtual int getval() { return this->n; };
|   protected:
|     int n;
|   };
| 
|   class overridden : public delegate
|   {
|   public:
|     overridden(int n): delegate(n) {}
|     virtual int getval() override final { return this->n * 2; }
|   };
| 
|   class nocopy
|   {
|   public:
|     nocopy(int i): i(i) {}
|     nocopy() = default;
|     nocopy(const nocopy&) = delete;
|     nocopy & operator=(const nocopy&) = delete;
|   private:
|     int i;
|   };
| 
|   // for testing lambda expressions
|   template <typename Ret, typename Fn> Ret eval(Fn f, Ret v)
|   {
|     return f(v);
|   }
| 
|   // for testing variadic templates and trailing return types
|   template <typename V> auto sum(V first) -> V
|   {
|     return first;
|   }
|   template <typename V, typename... Args> auto sum(V first, Args... rest) -> V
|   {
|     return first + sum(rest...);
|   }
| }
| 
| 
| int
| main (int argc, char **argv)
| {
|   int ok = 0;
|   
|   assert (argc);
|   assert (! argv[0]);
| {
|   test_exception_syntax ();
|   test_template<double> tt (2.0);
|   assert (tt.add (4) == 6.0);
|   assert (true && !false);
| }
| 
|   
| {
|   // Test auto and decltype
|   auto a1 = 6538;
|   auto a2 = 48573953.4;
|   auto a3 = "String literal";
| 
|   int total = 0;
|   for (auto i = a3; *i; ++i) { total += *i; }
| 
|   decltype(a2) a4 = 34895.034;
| }
| {
|   // Test constexpr
|   short sa[cxx11test::get_val()] = { 0 };
| }
| {
|   // Test initializer lists
|   cxx11test::testinit il = { 4323, 435234.23544 };
| }
| {
|   // Test range-based for
|   int array[] = {9, 7, 13, 15, 4, 18, 12, 10, 5, 3,
|                  14, 19, 17, 8, 6, 20, 16, 2, 11, 1};
|   for (auto &x : array) { x += 23; }
| }
| {
|   // Test lambda expressions
|   using cxx11test::eval;
|   assert (eval ([](int x) { return x*2; }, 21) == 42);
|   double d = 2.0;
|   assert (eval ([&](double x) { return d += x; }, 3.0) == 5.0);
|   assert (d == 5.0);
|   assert (eval ([=](double x) mutable { return d += x; }, 4.0) == 9.0);
|   assert (d == 5.0);
| }
| {
|   // Test use of variadic templates
|   using cxx11test::sum;
|   auto a = sum(1);
|   auto b = sum(1, 2);
|   auto c = sum(1.0, 2.0, 3.0);
| }
| {
|   // Test constructor delegation
|   cxx11test::delegate d1;
|   cxx11test::delegate d2();
|   cxx11test::delegate d3(45);
| }
| {
|   // Test override and final
|   cxx11test::overridden o1(55464);
| }
| {
|   // Test nullptr
|   char *c = nullptr;
| }
| {
|   // Test template brackets
|   test_template<::test_template<int>> v(test_template<int>(12));
| }
| {
|   // Unicode literals
|   char const *utf8 = u8"UTF-8 string \u2500";
|   char16_t const *utf16 = u"UTF-8 string \u2500";
|   char32_t const *utf32 = U"UTF-32 string \u2500";
| }
| 
|   return ok;
| }
| 
configure:5296: x86_64-elf-anos-g++ -std=c++11 -c -g -O2  conftest.cpp >&5
conftest.cpp:19:10: fatal error: cstdlib: No such file or directory
   19 | #include <cstdlib>
      |          ^~~~~~~~~
compilation terminated.
configure:5296: $? = 1
configure: failed program was:
| /* confdefs.h */
| #define PACKAGE_NAME "jansson"
| #define PACKAGE_TARNAME "jansson"
| #define PACKAGE_VERSION "2.13"
| #define PACKAGE_STRING "jansson 2.13"
| #define PACKAGE_BUGREPORT "https://github.com/akheron/jansson/issues"
| #define PACKAGE_URL ""
| #define PACKAGE "jansson"
| #define VERSION "2.13"
| /* end confdefs.h.  */
| 
| // Does the compiler advertise C++98 conformance?
| #if !defined __cplusplus || __cplusplus < 199711L
| # error "Compiler does not advertise C++98 conformance"
| #endif
| 
| // These inclusions are to reject old compilers that
| // lack the unsuffixed header files.
| #include <cstdlib>
| #include <exception>
| 
| // <cassert> and <cstring> are *not* freestanding headers in C++98.
| extern void assert (int);
| namespace std {
|   extern int strcmp (const char *, const char *);
| }
| 
| // Namespaces, exceptions, and templates were all added after "C++ 2.0".
| using std::exception;
| using std::strcmp;
| 
| namespace {
| 
| void test_exception_syntax()
| {
|   try {
|     throw "test";
|   } catch (const char *s) {
|     // Extra parentheses suppress a warning when building autoconf itself,
|     // due to lint rules shared with more typical C programs.
|     assert (!(strcmp) (s, "test"));
|   }
| }
| 
| template <typename T> struct test_template
| {
|   T const val;
|   explicit test_template(T t) : val(t) {}
|   template <typename U> T add(U u) { return static_cast<T>(u) + val; }
| };
| 
| } // anonymous namespace
| 
| 
| // Does the compiler advertise C++ 2011 conformance?
| #if !defined __cplusplus || __cplusplus < 201103L
| # error "Compiler does not advertise C++11 conformance"
| #endif
| 
| namespace cxx11test
| {
|   constexpr int get_val() { return 20; }
| 
|   struct testinit
|   {
|     int i;
|     double d;
|   };
| 
|   class delegate
|   {
|   public:
|     delegate(int n) : n(n) {}
|     delegate(): delegate(2354) {}
| 
|     virtual int getval() { return this->n; };
|   protected:
|     int n;
|   };
| 
|   class overridden : public delegate
|   {
|   public:
|     overridden(int n): delegate(n) {}
|     virtual int getval() override final { return this->n * 2; }
|   };
| 
|   class nocopy
|   {
|   public:
|     nocopy(int i): i(i) {}
|     nocopy() = default;
|     nocopy(const nocopy&) = delete;
|     nocopy & operator=(const nocopy&) = delete;
|   private:
|     int i;
|   };
| 
|   // for testing lambda expressions
|   template <typename Ret, typename Fn> Ret eval(Fn f, Ret v)
|   {
|     return f(v);
|   }
| 
|   // for testing variadic templates and trailing return types
|   template <typename V> auto sum(V first) -> V
|   {
|     return first;
|   }
|   template <typename V, typename... Args> auto sum(V first, Args... rest) -> V
|   {
|     return first + sum(rest...);
|   }
| }
| 
| 
| int
| main (int argc, char **argv)
| {
|   int ok = 0;
|   
|   assert (argc);
|   assert (! argv[0]);
| {
|   test_exception_syntax ();
|   test_template<double> tt (2.0);
|   assert (tt.add (4) == 6.0);
|   assert (true && !false);
| }
| 
|   
| {
|   // Test auto and decltype
|   auto a1 = 6538;
|   auto a2 = 48573953.4;
|   auto a3 = "String literal";
| 
|   int total = 0;
|   for (auto i = a3; *i; ++i) { total += *i; }
| 
|   decltype(a2) a4 = 34895.034;
| }
| {
|   // Test constexpr
|   short sa[cxx11test::get_val()] = { 0 };
| }
| {
|   // Test initializer lists
|   cxx11test::testinit il = { 4323, 435234.23544 };
| }
| {
|   // Test range-based for
|   int array[] = {9, 7, 13, 15, 4, 18, 12, 10, 5, 3,
|                  14, 19, 17, 8, 6, 20, 16, 2, 11, 1};
|   for (auto &x : array) { x += 23; }
| }
| {
|   // Test lambda expressions
|   using cxx11test::eval;
|   assert (eval ([](int x) { return x*2; }, 21) == 42);
|   double d = 2.0;
|   assert (eval ([&](double x) { return d += x; }, 3.0) == 5.0);
|   assert (d == 5.0);
|   assert (eval ([=](double x) mutable { return d += x; }, 4.0) == 9.0);
|   assert (d == 5.0);
| }
| {
|   // Test use of variadic templates
|   using cxx11test::sum;
|   auto a = sum(1);
|   auto b = sum(1, 2);
|   auto c = sum(1.0, 2.0, 3.0);
| }
| {
|   // Test constructor delegation
|   cxx11test::delegate d1;
|   cxx11test::delegate d2();
|   cxx11test::delegate d3(45);
| }
| {
|   // Test override and final
|   cxx11test::overridden o1(55464);
| }
| {
|   // Test nullptr
|   char *c = nullptr;
| }
| {
|   // Test template brackets
|   test_template<::test_template<int>> v(test_template<int>(12));
| }
| {
|   // Unicode literals
|   char const *utf8 = u8"UTF-8 string \u2500";
|   char16_t const *utf16 = u"UTF-8 string \u2500";
|   char32_t const *utf32 = U"UTF-32 string \u2500";
| }
| 
|   return ok;
| }
| 
configure:5296: x86_64-elf-anos-g++ -std=c++0x -c -g -O2  conftest.cpp >&5
conftest.cpp:19:10: fatal error: cstdlib: No such file or directory
   19 | #include <cstdlib>
      |          ^~~~~~~~~
compilation terminated.
configure:5296: $? = 1
configure: failed program was:
| /* confdefs.h */
| #define PACKAGE_NAME "jansson"
| #define PACKAGE_TARNAME "jansson"
| #define PACKAGE_VERSION "2.13"
| #define PACKAGE_STRING "jansson 2.13"
| #define PACKAGE_BUGREPORT "https://github.com/akheron/jansson/issues"
| #define PACKAGE_URL ""
| #define PACKAGE "jansson"
| #define VERSION "2.13"
| /* end confdefs.h.  */
| 
| // Does the compiler advertise C++98 conformance?
| #if !defined __cplusplus || __cplusplus < 199711L
| # error "Compiler does not advertise C++98 conformance"
| #endif
| 
| // These inclusions are to reject old compilers that
| // lack the unsuffixed header files.
| #include <cstdlib>
| #include <exception>
| 
| // <cassert> and <cstring> are *not* freestanding headers in C++98.
| extern void assert (int);
| namespace std {
|   extern int strcmp (const char *, const char *);
| }
| 
| // Namespaces, exceptions, and templates were all added after "C++ 2.0".
| using std::exception;
| using std::strcmp;
| 
| namespace {
| 
| void test_exception_syntax()
| {
|   try {
|     throw "test";
|   } catch (const char *s) {
|     // Extra parentheses suppress a warning when building autoconf itself,
|     // due to lint rules shared with more typical C programs.
|     assert (!(strcmp) (s, "test"));
|   }
| }
| 
| template <typename T> struct test_template
| {
|   T const val;
|   explicit test_template(T t) : val(t) {}
|   template <typename U> T add(U u) { return static_cast<T>(u) + val; }
| };
| 
| } // anonymous namespace
| 
| 
| // Does the compiler advertise C++ 2011 conformance?
| #if !defined __cplusplus || __cplusplus < 201103L
| # error "Compiler does not advertise C++11 conformance"
| #endif
| 
| namespace cxx11test
| {
|   constexpr int get_val() { return 20; }
| 
|   struct testinit
|   {
|     int i;
|     double d;
|   };
| 
|   class delegate
|   {
|   public:
|     delegate(int n) : n(n) {}
|     delegate(): delegate(2354) {}
| 
|     virtual int getval() { return this->n; };
|   protected:
|     int n;
|   };
| 
|   class overridden : public delegate
|   {
|   public:
|     overridden(int n): delegate(n) {}
|     virtual int getval() override final { return this->n * 2; }
|   };
| 
|   class nocopy
|   {
|   public:
|     nocopy(int i): i(i) {}
|     nocopy() = default;
|     nocopy(const nocopy&) = delete;
|     nocopy & operator=(const nocopy&) = delete;
|   private:
|     int i;
|   };
| 
|   // for testing lambda expressions
|   template <typename Ret, typename Fn> Ret eval(Fn f, Ret v)
|   {
|     return f(v);
|   }
| 
|   // for testing variadic templates and trailing return types
|   template <typename V> auto sum(V first) -> V
|   {
|     return first;
|   }
|   template <typename V, typename... Args> auto sum(V first, Args... rest) -> V
|   {
|     return first + sum(rest...);
|   }
| }
| 
| 
| int
| main (int argc, char **argv)
| {
|   int ok = 0;
|   
|   assert (argc);
|   assert (! argv[0]);
| {
|   test_exception_syntax ();
|   test_template<double> tt (2.0);
|   assert (tt.add (4) == 6.0);
|   assert (true && !false);
| }
| 
|   
| {
|   // Test auto and decltype
|   auto a1 = 6538;
|   auto a2 = 48573953.4;
|   auto a3 = "String literal";
| 
|   int total = 0;
|   for (auto i = a3; *i; ++i) { total += *i; }
| 
|   decltype(a2) a4 = 34895.034;
| }
| {
|   // Test constexpr
|   short sa[cxx11test::get_val()] = { 0 };
| }
| {
|   // Test initializer lists
|   cxx11test::testinit il = { 4323, 435234.23544 };
| }
| {
|   // Test range-based for
|   int array[] = {9, 7, 13, 15, 4, 18, 12, 10, 5, 3,
|                  14, 19, 17, 8, 6, 20, 16, 2, 11, 1};
|   for (auto &x : array) { x += 23; }
| }
| {
|   // Test lambda expressions
|   using cxx11test::eval;
|   assert (eval ([](int x) { return x*2; }, 21) == 42);
|   double d = 2.0;
|   assert (eval ([&](double x) { return d += x; }, 3.0) == 5.0);
|   assert (d == 5.0);
|   assert (eval ([=](double x) mutable { return d += x; }, 4.0) == 9.0);
|   assert (d == 5.0);
| }
| {
|   // Test use of variadic templates
|   using cxx11test::sum;
|   auto a = sum(1);
|   auto b = sum(1, 2);
|   auto c = sum(1.0, 2.0, 3.0);
| }
| {
|   // Test constructor delegation
|   cxx11test::delegate d1;
|   cxx11test::delegate d2();
|   cxx11test::delegate d3(45);
| }
| {
|   // Test override and final
|   cxx11test::overridden o1(55464);
| }
| {
|   // Test nullptr
|   char *c = nullptr;
| }
| {
|   // Test template brackets
|   test_template<::test_template<int>> v(test_template<int>(12));
| }
| {
|   // Unicode literals
|   char const *utf8 = u8"UTF-8 string \u2500";
|   char16_t const *utf16 = u"UTF-8 string \u2500";
|   char32_t const *utf32 = U"UTF-32 string \u2500";
| }
| 
|   return ok;
| }
| 
configure:5296: x86_64-elf-anos-g++ -qlanglvl=extended0x -c -g -O2  conftest.cpp >&5
x86_64-elf-anos-g++: error: unrecognized command-line option '-qlanglvl=extended0x'
configure:5296: $? = 1
configure: failed program was:
| /* confdefs.h */
| #define PACKAGE_NAME "jansson"
| #define PACKAGE_TARNAME "jansson"
| #define PACKAGE_VERSION "2.13"
| #define PACKAGE_STRING "jansson 2.13"
| #define PACKAGE_BUGREPORT "https://github.com/akheron/jansson/issues"
| #define PACKAGE_URL ""
| #define PACKAGE "jansson"
| #define VERSION "2.13"
| /* end confdefs.h.  */
| 
| // Does the compiler advertise C++98 conformance?
| #if !defined __cplusplus || __cplusplus < 199711L
| # error "Compiler does not advertise C++98 conformance"
| #endif
| 
| // These inclusions are to reject old compilers that
| // lack the unsuffixed header files.
| #include <cstdlib>
| #include <exception>
| 
| // <cassert> and <cstring> are *not* freestanding headers in C++98.
| extern void assert (int);
| namespace std {
|   extern int strcmp (const char *, const char *);
| }
| 
| // Namespaces, exceptions, and templates were all added after "C++ 2.0".
| using std::exception;
| using std::strcmp;
| 
| namespace {
| 
| void test_exception_syntax()
| {
|   try {
|     throw "test";
|   } catch (const char *s) {
|     // Extra parentheses suppress a warning when building autoconf itself,
|     // due to lint rules shared with more typical C programs.
|     assert (!(strcmp) (s, "test"));
|   }
| }
| 
| template <typename T> struct test_template
| {
|   T const val;
|   explicit test_template(T t) : val(t) {}
|   template <typename U> T add(U u) { return static_cast<T>(u) + val; }
| };
| 
| } // anonymous namespace
| 
| 
| // Does the compiler advertise C++ 2011 conformance?
| #if !defined __cplusplus || __cplusplus < 201103L
| # error "Compiler does not advertise C++11 conformance"
| #endif
| 
| namespace cxx11test
| {
|   constexpr int get_val() { return 20; }
| 
|   struct testinit
|   {
|     int i;
|     double d;
|   };
| 
|   class delegate
|   {
|   public:
|     delegate(int n) : n(n) {}
|     delegate(): delegate(2354) {}
| 
|     virtual int getval() { return this->n; };
|   protected:
|     int n;
|   };
| 
|   class overridden : public delegate
|   {
|   public:
|     overridden(int n): delegate(n) {}
|     virtual int getval() override final { return this->n * 2; }
|   };
| 
|   class nocopy
|   {
|   public:
|     nocopy(int i): i(i) {}
|     nocopy() = default;
|     nocopy(const nocopy&) = delete;
|     nocopy & operator=(const nocopy&) = delete;
|   private:
|     int i;
|   };
| 
|   // for testing lambda expressions
|   template <typename Ret, typename Fn> Ret eval(Fn f, Ret v)
|   {
|     return f(v);
|   }
| 
|   // for testing variadic templates and trailing return types
|   template <typename V> auto sum(V first) -> V
|   {
|     return first;
|   }
|   template <typename V, typename... Args> auto sum(V first, Args... rest) -> V
|   {
|     return first + sum(rest...);
|   }
| }
| 
| 
| int
| main (int argc, char **argv)
| {
|   int ok = 0;
|   
|   assert (argc);
|   assert (! argv[0]);
| {
|   test_exception_syntax ();
|   test_template<double> tt (2.0);
|   assert (tt.add (4) == 6.0);
|   assert (true && !false);
| }
| 
|   
| {
|   // Test auto and decltype
|   auto a1 = 6538;
|   auto a2 = 48573953.4;
|   auto a3 = "String literal";
| 
|   int total = 0;
|   for (auto i = a3; *i; ++i) { total += *i; }
| 
|   decltype(a2) a4 = 34895.034;
| }
| {
|   // Test constexpr
|   short sa[cxx11test::get_val()] = { 0 };
| }
| {
|   // Test initializer lists
|   cxx11test::testinit il = { 4323, 435234.23544 };
| }
| {
|   // Test range-based for
|   int array[] = {9, 7, 13, 15, 4, 18, 12, 10, 5, 3,
|                  14, 19, 17, 8, 6, 20, 16, 2, 11, 1};
|   for (auto &x : array) { x += 23; }
| }
| {
|   // Test lambda expressions
|   using cxx11test::eval;
|   assert (eval ([](int x) { return x*2; }, 21) == 42);
|   double d = 2.0;
|   assert (eval ([&](double x) { return d += x; }, 3.0) == 5.0);
|   assert (d == 5.0);
|   assert (eval ([=](double x) mutable { return d += x; }, 4.0) == 9.0);
|   assert (d == 5.0);
| }
| {
|   // Test use of variadic templates
|   using cxx11test::sum;
|   auto a = sum(1);
|   auto b = sum(1, 2);
|   auto c = sum(1.0, 2.0, 3.0);
| }
| {
|   // Test constructor delegation
|   cxx11test::delegate d1;
|   cxx11test::delegate d2();
|   cxx11test::delegate d3(45);
| }
| {
|   // Test override and final
|   cxx11test::overridden o1(55464);
| }
| {
|   // Test nullptr
|   char *c = nullptr;
| }
| {
|   // Test template brackets
|   test_template<::test_template<int>> v(test_template<int>(12));
| }
| {
|   // Unicode literals
|   char const *utf8 = u8"UTF-8 string \u2500";
|   char16_t const *utf16 = u"UTF-8 string \u2500";
|   char32_t const *utf32 = U"UTF-32 string \u2500";
| }
| 
|   return ok;
| }
| 
configure:5296: x86_64-elf-anos-g++ -AA -c -g -O2  conftest.cpp >&5
<command-line>: error: missing '(' after predicate
conftest.cpp:19:10: fatal error: cstdlib: No such file or directory
   19 | #include <cstdlib>
      |          ^~~~~~~~~
compilation terminated.
configure:5296: $? = 1
configure: failed program was:
| /* confdefs.h */
| #define PACKAGE_NAME "jansson"
| #define PACKAGE_TARNAME "jansson"
| #define PACKAGE_VERSION "2.13"
| #define PACKAGE_STRING "jansson 2.13"
| #define PACKAGE_BUGREPORT "https://github.com/akheron/jansson/issues"
| #define PACKAGE_URL ""
| #define PACKAGE "jansson"
| #define VERSION "2.13"
| /* end confdefs.h.  */
| 
| // Does the compiler advertise C++98 conformance?
| #if !defined __cplusplus || __cplusplus < 199711L
| # error "Compiler does not advertise C++98 conformance"
| #endif
| 
| // These inclusions are to reject old compilers that
| // lack the unsuffixed header files.
| #include <cstdlib>
| #include <exception>
| 
| // <cassert> and <cstring> are *not* freestanding headers in C++98.
| extern void assert (int);
| namespace std {
|   extern int strcmp (const char *, const char *);
| }
| 
| // Namespaces, exceptions, and templates were all added after "C++ 2.0".
| using std::exception;
| using std::strcmp;
| 
| namespace {
| 
| void test_exception_syntax()
| {
|   try {
|     throw "test";
|   } catch (const char *s) {
|     // Extra parentheses suppress a warning when building autoconf itself,
|     // due to lint rules shared with more typical C programs.
|     assert (!(strcmp) (s, "test"));
|   }
| }
| 
| template <typename T> struct test_template
| {
|   T const val;
|   explicit test_template(T t) : val(t) {}
|   template <typename U> T add(U u) { return static_cast<T>(u) + val; }
| };
| 
| } // anonymous namespace
| 
| 
| // Does the compiler advertise C++ 2011 conformance?
| #if !defined __cplusplus || __cplusplus < 201103L
| # error "Compiler does not advertise C++11 conformance"
| #endif
| 
| namespace cxx11test
| {
|   constexpr int get_val() { return 20; }
| 
|   struct testinit
|   {
|     int i;
|     double d;
|   };
| 
|   class delegate
|   {
|   public:
|     delegate(int n) : n(n) {}
|     delegate(): delegate(2354) {}
| 
|     virtual int getval() { return this->n; };
|   protected:
|     int n;
|   };
| 
|   class overridden : public delegate
|   {
|   public:
|     overridden(int n): delegate(n) {}
|     virtual int getval() override final { return this->n * 2; }
|   };
| 
|   class nocopy
|   {
|   public:
|     nocopy(int i): i(i) {}
|     nocopy() = default;
|     nocopy(const nocopy&) = delete;
|     nocopy & operator=(const nocopy&) = delete;
|   private:
|     int i;
|   };
| 
|   // for testing lambda expressions
|   template <typename Ret, typename Fn> Ret eval(Fn f, Ret v)
|   {
|     return f(v);
|   }
| 
|   // for testing variadic templates and trailing return types
|   template <typename V> auto sum(V first) -> V
|   {
|     return first;
|   }
|   template <typename V, typename... Args> auto sum(V first, Args... rest) -> V
|   {
|     return first + sum(rest...);
|   }
| }
| 
| 
| int
| main (int argc, char **argv)
| {
|   int ok = 0;
|   
|   assert (argc);
|   assert (! argv[0]);
| {
|   test_exception_syntax ();
|   test_template<double> tt (2.0);
|   assert (tt.add (4) == 6.0);
|   assert (true && !false);
| }
| 
|   
| {
|   // Test auto and decltype
|   auto a1 = 6538;
|   auto a2 = 48573953.4;
|   auto a3 = "String literal";
| 
|   int total = 0;
|   for (auto i = a3; *i; ++i) { total += *i; }
| 
|   decltype(a2) a4 = 34895.034;
| }
| {
|   // Test constexpr
|   short sa[cxx11test::get_val()] = { 0 };
| }
| {
|   // Test initializer lists
|   cxx11test::testinit il = { 4323, 435234.23544 };
| }
| {
|   // Test range-based for
|   int array[] = {9, 7, 13, 15, 4, 18, 12, 10, 5, 3,
|                  14, 19, 17, 8, 6, 20, 16, 2, 11, 1};
|   for (auto &x : array) { x += 23; }
| }
| {
|   // Test lambda expressions
|   using cxx11test::eval;
|   assert (eval ([](int x) { return x*2; }, 21) == 42);
|   double d = 2.0;
|   assert (eval ([&](double x) { return d += x; }, 3.0) == 5.0);
|   assert (d == 5.0);
|   assert (eval ([=](double x) mutable { return d += x; }, 4.0) == 9.0);
|   assert (d == 5.0);
| }
| {
|   // Test use of variadic templates
|   using cxx11test::sum;
|   auto a = sum(1);
|   auto b = sum(1, 2);
|   auto c = sum(1.0, 2.0, 3.0);
| }
| {
|   // Test constructor delegation
|   cxx11test::delegate d1;
|   cxx11test::delegate d2();
|   cxx11test::delegate d3(45);
| }
| {
|   // Test override and final
|   cxx11test::overridden o1(55464);
| }
| {
|   // Test nullptr
|   char *c = nullptr;
| }
| {
|   // Test template brackets
|   test_template<::test_template<int>> v(test_template<int>(12));
| }
| {
|   // Unicode literals
|   char const *utf8 = u8"UTF-8 string \u2500";
|   char16_t const *utf16 = u"UTF-8 string \u2500";
|   char32_t const *utf32 = U"UTF-32 string \u2500";
| }
| 
|   return ok;
| }
| 
configure:5310: result: unsupported
configure:5330: checking for x86_64-elf-anos-g++ option to enable C++98 features
configure:5345: x86_64-elf-anos-g++  -c -g -O2  conftest.cpp >&5
conftest.cpp:19:10: fatal error: cstdlib: No such file or directory
   19 | #include <cstdlib>
      |          ^~~~~~~~~
compilation terminated.
configure:5345: $? = 1
configure: failed program was:
| /* confdefs.h */
| #define PACKAGE_NAME "jansson"
| #define PACKAGE_TARNAME "jansson"
| #define PACKAGE_VERSION "2.13"
| #define PACKAGE_STRING "jansson 2.13"
| #define PACKAGE_BUGREPORT "https://github.com/akheron/jansson/issues"
| #define PACKAGE_URL ""
| #define PACKAGE "jansson"
| #define VERSION "2.13"
| /* end confdefs.h.  */
| 
| // Does the compiler advertise C++98 conformance?
| #if !defined __cplusplus || __cplusplus < 199711L
| # error "Compiler does not advertise C++98 conformance"
| #endif
| 
| // These inclusions are to reject old compilers that
| // lack the unsuffixed header files.
| #include <cstdlib>
| #include <exception>
| 
| // <cassert> and <cstring> are *not* freestanding headers in C++98.
| extern void assert (int);
| namespace std {
|   extern int strcmp (const char *, const char *);
| }
| 
| // Namespaces, exceptions, and templates were all added after "C++ 2.0".
| using std::exception;
| using std::strcmp;
| 
| namespace {
| 
| void test_exception_syntax()
| {
|   try {
|     throw "test";
|   } catch (const char *s) {
|     // Extra parentheses suppress a warning when building autoconf itself,
|     // due to lint rules shared with more typical C programs.
|     assert (!(strcmp) (s, "test"));
|   }
| }
| 
| template <typename T> struct test_template
| {
|   T const val;
|   explicit test_template(T t) : val(t) {}
|   template <typename U> T add(U u) { return static_cast<T>(u) + val; }
| };
| 
| } // anonymous namespace
| 
| int
| main (int argc, char **argv)
| {
|   int ok = 0;
|   
|   assert (argc);
|   assert (! argv[0]);
| {
|   test_exception_syntax ();
|   test_template<double> tt (2.0);
|   assert (tt.add (4) == 6.0);
|   assert (true && !false);
| }
| 
|   return ok;
| }
| 
configure:5345: x86_64-elf-anos-g++ -std=gnu++98 -c -g -O2  conftest.cpp >&5
conftest.cpp:19:10: fatal error: cstdlib: No such file or directory
   19 | #include <cstdlib>
      |          ^~~~~~~~~
compilation terminated.
configure:5345: $? = 1
configure: failed program was:
| /* confdefs.h */
| #define PACKAGE_NAME "jansson"
| #define PACKAGE_TARNAME "jansson"
| #define PACKAGE_VERSION "2.13"
| #define PACKAGE_STRING "jansson 2.13"
| #define PACKAGE_BUGREPORT "https://github.com/akheron/jansson/issues"
| #define PACKAGE_URL ""
| #define PACKAGE "jansson"
| #define VERSION "2.13"
| /* end confdefs.h.  */
| 
| // Does the compiler advertise C++98 conformance?
| #if !defined __cplusplus || __cplusplus < 199711L
| # error "Compiler does not advertise C++98 conformance"
| #endif
| 
| // These inclusions are to reject old compilers that
| // lack the unsuffixed header files.
| #include <cstdlib>
| #include <exception>
| 
| // <cassert> and <cstring> are *not* freestanding headers in C++98.
| extern void assert (int);
| namespace std {
|   extern int strcmp (const char *, const char *);
| }
| 
| // Namespaces, exceptions, and templates were all added after "C++ 2.0".
| using std::exception;
| using std::strcmp;
| 
| namespace {
| 
| void test_exception_syntax()
| {
|   try {
|     throw "test";
|   } catch (const char *s) {
|     // Extra parentheses suppress a warning when building autoconf itself,
|     // due to lint rules shared with more typical C programs.
|     assert (!(strcmp) (s, "test"));
|   }
| }
| 
| template <typename T> struct test_template
| {
|   T const val;
|   explicit test_template(T t) : val(t) {}
|   template <typename U> T add(U u) { return static_cast<T>(u) + val; }
| };
| 
| } // anonymous namespace
| 
| int
| main (int argc, char **argv)
| {
|   int ok = 0;
|   
|   assert (argc);
|   assert (! argv[0]);
| {
|   test_exception_syntax ();
|   test_template<double> tt (2.0);
|   assert (tt.add (4) == 6.0);
|   assert (true && !false);
| }
| 
|   return ok;
| }
| 
configure:5345: x86_64-elf-anos-g++ -std=c++98 -c -g -O2  conftest.cpp >&5
conftest.cpp:19:10: fatal error: cstdlib: No such file or directory
   19 | #include <cstdlib>
      |          ^~~~~~~~~
compilation terminated.
configure:5345: $? = 1
configure: failed program was:
| /* confdefs.h */
| #define PACKAGE_NAME "jansson"
| #define PACKAGE_TARNAME "jansson"
| #define PACKAGE_VERSION "2.13"
| #define PACKAGE_STRING "jansson 2.13"
| #define PACKAGE_BUGREPORT "https://github.com/akheron/jansson/issues"
| #define PACKAGE_URL ""
| #define PACKAGE "jansson"
| #define VERSION "2.13"
| /* end confdefs.h.  */
| 
| // Does the compiler advertise C++98 conformance?
| #if !defined __cplusplus || __cplusplus < 199711L
| # error "Compiler does not advertise C++98 conformance"
| #endif
| 
| // These inclusions are to reject old compilers that
| // lack the unsuffixed header files.
| #include <cstdlib>
| #include <exception>
| 
| // <cassert> and <cstring> are *not* freestanding headers in C++98.
| extern void assert (int);
| namespace std {
|   extern int strcmp (const char *, const char *);
| }
| 
| // Namespaces, exceptions, and templates were all added after "C++ 2.0".
| using std::exception;
| using std::strcmp;
| 
| namespace {
| 
| void test_exception_syntax()
| {
|   try {
|     throw "test";
|   } catch (const char *s) {
|     // Extra parentheses suppress a warning when building autoconf itself,
|     // due to lint rules shared with more typical C programs.
|     assert (!(strcmp) (s, "test"));
|   }
| }
| 
| template <typename T> struct test_template
| {
|   T const val;
|   explicit test_template(T t) : val(t) {}
|   template <typename U> T add(U u) { return static_cast<T>(u) + val; }
| };
| 
| } // anonymous namespace
| 
| int
| main (int argc, char **argv)
| {
|   int ok = 0;
|   
|   assert (argc);
|   assert (! argv[0]);
| {
|   test_exception_syntax ();
|   test_template<double> tt (2.0);
|   assert (tt.add (4) == 6.0);
|   assert (true && !false);
| }
| 
|   return ok;
| }
| 
configure:5345: x86_64-elf-anos-g++ -qlanglvl=extended -c -g -O2  conftest.cpp >&5
x86_64-elf-anos-g++: error: unrecognized command-line option '-qlanglvl=extended'
configure:5345: $? = 1
configure: failed program was:
| /* confdefs.h */
| #define PACKAGE_NAME "jansson"
| #define PACKAGE_TARNAME "jansson"
| #define PACKAGE_VERSION "2.13"
| #define PACKAGE_STRING "jansson 2.13"
| #define PACKAGE_BUGREPORT "https://github.com/akheron/jansson/issues"
| #define PACKAGE_URL ""
| #define PACKAGE "jansson"
| #define VERSION "2.13"
| /* end confdefs.h.  */
| 
| // Does the compiler advertise C++98 conformance?
| #if !defined __cplusplus || __cplusplus < 199711L
| # error "Compiler does not advertise C++98 conformance"
| #endif
| 
| // These inclusions are to reject old compilers that
| // lack the unsuffixed header files.
| #include <cstdlib>
| #include <exception>
| 
| // <cassert> and <cstring> are *not* freestanding headers in C++98.
| extern void assert (int);
| namespace std {
|   extern int strcmp (const char *, const char *);
| }
| 
| // Namespaces, exceptions, and templates were all added after "C++ 2.0".
| using std::exception;
| using std::strcmp;
| 
| namespace {
| 
| void test_exception_syntax()
| {
|   try {
|     throw "test";
|   } catch (const char *s) {
|     // Extra parentheses suppress a warning when building autoconf itself,
|     // due to lint rules shared with more typical C programs.
|     assert (!(strcmp) (s, "test"));
|   }
| }
| 
| template <typename T> struct test_template
| {
|   T const val;
|   explicit test_template(T t) : val(t) {}
|   template <typename U> T add(U u) { return static_cast<T>(u) + val; }
| };
| 
| } // anonymous namespace
| 
| int
| main (int argc, char **argv)
| {
|   int ok = 0;
|   
|   assert (argc);
|   assert (! argv[0]);
| {
|   test_exception_syntax ();
|   test_template<double> tt (2.0);
|   assert (tt.add (4) == 6.0);
|   assert (true && !false);
| }
| 
|   return ok;
| }
| 
configure:5345: x86_64-elf-anos-g++ -AA -c -g -O2  conftest.cpp >&5
<command-line>: error: missing '(' after predicate
conftest.cpp:19:10: fatal error: cstdlib: No such file or directory
   19 | #include <cstdlib>
      |          ^~~~~~~~~
compilation terminated.
configure:5345: $? = 1
configure: failed program was:
| /* confdefs.h */
| #define PACKAGE_NAME "jansson"
| #define PACKAGE_TARNAME "jansson"
| #define PACKAGE_VERSION "2.13"
| #define PACKAGE_STRING "jansson 2.13"
| #define PACKAGE_BUGREPORT "https://github.com/akheron/jansson/issues"
| #define PACKAGE_URL ""
| #define PACKAGE "jansson"
| #define VERSION "2.13"
| /* end confdefs.h.  */
| 
| // Does the compiler advertise C++98 conformance?
| #if !defined __cplusplus || __cplusplus < 199711L
| # error "Compiler does not advertise C++98 conformance"
| #endif
| 
| // These inclusions are to reject old compilers that
| // lack the unsuffixed header files.
| #include <cstdlib>
| #include <exception>
| 
| // <cassert> and <cstring> are *not* freestanding headers in C++98.
| extern void assert (int);
| namespace std {
|   extern int strcmp (const char *, const char *);
| }
| 
| // Namespaces, exceptions, and templates were all added after "C++ 2.0".
| using std::exception;
| using std::strcmp;
| 
| namespace {
| 
| void test_exception_syntax()
| {
|   try {
|     throw "test";
|   } catch (const char *s) {
|     // Extra parentheses suppress a warning when building autoconf itself,
|     // due to lint rules shared with more typical C programs.
|     assert (!(strcmp) (s, "test"));
|   }
| }
| 
| template <typename T> struct test_template
| {
|   T const val;
|   explicit test_template(T t) : val(t) {}
|   template <typename U> T add(U u) { return static_cast<T>(u) + val; }
| };
| 
| } // anonymous namespace
| 
| int
| main (int argc, char **argv)
| {
|   int ok = 0;
|   
|   assert (argc);
|   assert (! argv[0]);
| {
|   test_exception_syntax ();
|   test_template<double> tt (2.0);
|   assert (tt.add (4) == 6.0);
|   assert (true && !false);
| }
| 
|   return ok;
| }
| 
configure:5359: result: unsupported
configure:5386: checking dependency style of x86_64-elf-anos-g++
configure:5499: result: gcc3
configure:5546: checking build system type
configure:5562: result: arm-apple-darwin24.6.0
configure:5582: checking host system type
configure:5597: result: x86_64-elf-anos
configure:5638: checking how to print strings
configure:5665: result: printf
configure:5686: checking for a sed that does not truncate output
configure:5758: result: /usr/bin/sed
configure:5776: checking for grep that handles long lines and -e
configure:5842: result: /usr/bin/grep
configure:5847: checking for egrep
configure:5917: result: /usr/bin/grep -E
configure:5924: checking for fgrep
configure:5994: result: /usr/bin/grep -F
configure:6031: checking for ld used by x86_64-elf-anos-gcc
configure:6100: result: /Users/rosco/opt/cross-anos/x86_64-elf-anos/bin/ld
configure:6107: checking if the linker (/Users/rosco/opt/cross-anos/x86_64-elf-anos/bin/ld) is GNU ld
configure:6124: result: yes
configure:6136: checking for BSD- or MS-compatible name lister (nm)
configure:6192: result: /Users/rosco/opt/cross-anos/bin/x86_64-elf-anos-nm -B
configure:6334: checking the name lister (/Users/rosco/opt/cross-anos/bin/x86_64-elf-anos-nm -B) interface
configure:6342: x86_64-elf-anos-gcc -c -g -O2  conftest.c >&5
configure:6345: /Users/rosco/opt/cross-anos/bin/x86_64-elf-anos-nm -B "conftest.o"
configure:6348: output
0000000000000000 B some_variable
configure:6356: result: BSD nm
configure:6359: checking whether ln -s works
configure:6363: result: yes
configure:6371: checking the maximum length of command line arguments
configure:6504: result: 786432
configure:6552: checking how to convert arm-apple-darwin24.6.0 file names to x86_64-elf-anos format
configure:6594: result: func_convert_file_noop
configure:6601: checking how to convert arm-apple-darwin24.6.0 file names to toolchain format
configure:6623: result: func_convert_file_noop
configure:6630: checking for /Users/rosco/opt/cross-anos/x86_64-elf-anos/bin/ld option to reload object files
configure:6639: result: -r
configure:6673: checking for x86_64-elf-anos-objdump
configure:6694: found /Users/rosco/opt/cross-anos/bin/x86_64-elf-anos-objdump
configure:6706: result: x86_64-elf-anos-objdump
configure:6784: checking how to recognize dependent libraries
configure:6986: result: unknown
configure:7031: checking for x86_64-elf-anos-dlltool
configure:7067: result: no
configure:7077: checking for dlltool
configure:7113: result: no
configure:7143: checking how to associate runtime and link libraries
configure:7172: result: printf %s\n
configure:7189: checking for x86_64-elf-anos-ar
configure:7210: found /Users/rosco/opt/cross-anos/bin/x86_64-elf-anos-ar
configure:7222: result: x86_64-elf-anos-ar
configure:7325: checking for archiver @FILE support
configure:7343: x86_64-elf-anos-gcc -c -g -O2  conftest.c >&5
configure:7343: $? = 0
configure:7347: x86_64-elf-anos-ar cr libconftest.a @conftest.lst >&5
configure:7350: $? = 0
configure:7355: x86_64-elf-anos-ar cr libconftest.a @conftest.lst >&5
x86_64-elf-anos-ar: conftest.o: No such file or directory
configure:7358: $? = 1
configure:7371: result: @
configure:7389: checking for x86_64-elf-anos-strip
configure:7422: result: x86_64-elf-anos-strip
configure:7500: checking for x86_64-elf-anos-ranlib
configure:7521: found /Users/rosco/opt/cross-anos/bin/x86_64-elf-anos-ranlib
configure:7533: result: x86_64-elf-anos-ranlib
configure:7681: checking command to parse /Users/rosco/opt/cross-anos/bin/x86_64-elf-anos-nm -B output from x86_64-elf-anos-gcc object
configure:7835: x86_64-elf-anos-gcc -c -g -O2  conftest.c >&5
configure:7838: $? = 0
configure:7842: /Users/rosco/opt/cross-anos/bin/x86_64-elf-anos-nm -B conftest.o \| sed -n -e 's/^.*[ ]\([ABCDGIRSTW][ABCDGIRSTW]*\)[ ][ ]*\([_A-Za-z][_A-Za-z0-9]*\)$/\1 \2 \2/p' | sed '/ __gnu_lto/d' \> conftest.nm
configure:7845: $? = 0
configure:7911: x86_64-elf-anos-gcc -o conftest -g -O2   conftest.c conftstm.o >&5
/Users/rosco/opt/cross-anos/lib/gcc/x86_64-elf-anos/16.0.0/../../../../x86_64-elf-anos/bin/ld: error in /Users/rosco/opt/cross-anos/lib/gcc/x86_64-elf-anos/16.0.0/crtend.o(.eh_frame); no .eh_frame_hdr table will be created
configure:7914: $? = 0
configure:7953: result: ok
configure:8000: checking for sysroot
configure:8032: result: no
configure:8039: checking for a working dd
configure:8084: result: /bin/dd
configure:8088: checking how to truncate binary pipes
configure:8105: result: /bin/dd bs=4096 count=1
configure:8399: checking for x86_64-elf-anos-mt
configure:8435: result: no
configure:8445: checking for mt
configure:8481: result: no
configure:8501: checking if : is a manifest tool
configure:8508: : '-?'
configure:8517: result: no
configure:9261: checking for stdio.h
configure:9261: x86_64-elf-anos-gcc -c -g -O2  conftest.c >&5
configure:9261: $? = 0
configure:9261: result: yes
configure:9261: checking for stdlib.h
configure:9261: x86_64-elf-anos-gcc -c -g -O2  conftest.c >&5
configure:9261: $? = 0
configure:9261: result: yes
configure:9261: checking for string.h
configure:9261: x86_64-elf-anos-gcc -c -g -O2  conftest.c >&5
configure:9261: $? = 0
configure:9261: result: yes
configure:9261: checking for inttypes.h
configure:9261: x86_64-elf-anos-gcc -c -g -O2  conftest.c >&5
configure:9261: $? = 0
configure:9261: result: yes
configure:9261: checking for stdint.h
configure:9261: x86_64-elf-anos-gcc -c -g -O2  conftest.c >&5
configure:9261: $? = 0
configure:9261: result: yes
configure:9261: checking for strings.h
configure:9261: x86_64-elf-anos-gcc -c -g -O2  conftest.c >&5
configure:9261: $? = 0
configure:9261: result: yes
configure:9261: checking for sys/stat.h
configure:9261: x86_64-elf-anos-gcc -c -g -O2  conftest.c >&5
configure:9261: $? = 0
configure:9261: result: yes
configure:9261: checking for sys/types.h
configure:9261: x86_64-elf-anos-gcc -c -g -O2  conftest.c >&5
configure:9261: $? = 0
configure:9261: result: yes
configure:9261: checking for unistd.h
configure:9261: x86_64-elf-anos-gcc -c -g -O2  conftest.c >&5
configure:9261: $? = 0
configure:9261: result: yes
configure:9286: checking for dlfcn.h
configure:9286: x86_64-elf-anos-gcc -c -g -O2  conftest.c >&5
conftest.c:50:10: fatal error: dlfcn.h: No such file or directory
   50 | #include <dlfcn.h>
      |          ^~~~~~~~~
compilation terminated.
configure:9286: $? = 1
configure: failed program was:
| /* confdefs.h */
| #define PACKAGE_NAME "jansson"
| #define PACKAGE_TARNAME "jansson"
| #define PACKAGE_VERSION "2.13"
| #define PACKAGE_STRING "jansson 2.13"
| #define PACKAGE_BUGREPORT "https://github.com/akheron/jansson/issues"
| #define PACKAGE_URL ""
| #define PACKAGE "jansson"
| #define VERSION "2.13"
| #define HAVE_STDIO_H 1
| #define HAVE_STDLIB_H 1
| #define HAVE_STRING_H 1
| #define HAVE_INTTYPES_H 1
| #define HAVE_STDINT_H 1
| #define HAVE_STRINGS_H 1
| #define HAVE_SYS_STAT_H 1
| #define HAVE_SYS_TYPES_H 1
| #define HAVE_UNISTD_H 1
| #define STDC_HEADERS 1
| /* end confdefs.h.  */
| #include <stddef.h>
| #ifdef HAVE_STDIO_H
| # include <stdio.h>
| #endif
| #ifdef HAVE_STDLIB_H
| # include <stdlib.h>
| #endif
| #ifdef HAVE_STRING_H
| # include <string.h>
| #endif
| #ifdef HAVE_INTTYPES_H
| # include <inttypes.h>
| #endif
| #ifdef HAVE_STDINT_H
| # include <stdint.h>
| #endif
| #ifdef HAVE_STRINGS_H
| # include <strings.h>
| #endif
| #ifdef HAVE_SYS_TYPES_H
| # include <sys/types.h>
| #endif
| #ifdef HAVE_SYS_STAT_H
| # include <sys/stat.h>
| #endif
| #ifdef HAVE_UNISTD_H
| # include <unistd.h>
| #endif
| 
| #include <dlfcn.h>
configure:9286: result: no
configure:9562: checking for objdir
configure:9579: result: .libs
configure:9841: checking if x86_64-elf-anos-gcc supports -fno-rtti -fno-exceptions
configure:9860: x86_64-elf-anos-gcc -c -g -O2  -fno-rtti -fno-exceptions conftest.c >&5
cc1: warning: command-line option '-fno-rtti' is valid for C++/D/ObjC++ but not for C
configure:9864: $? = 0
configure:9878: result: no
configure:10236: checking for x86_64-elf-anos-gcc option to produce PIC
configure:10245: result: -fPIC -DPIC
configure:10253: checking if x86_64-elf-anos-gcc PIC flag -fPIC -DPIC works
configure:10272: x86_64-elf-anos-gcc -c -g -O2  -fPIC -DPIC -DPIC conftest.c >&5
configure:10276: $? = 0
configure:10290: result: yes
configure:10319: checking if x86_64-elf-anos-gcc static flag -static works
/Users/rosco/opt/cross-anos/lib/gcc/x86_64-elf-anos/16.0.0/../../../../x86_64-elf-anos/bin/ld: error in /Users/rosco/opt/cross-anos/lib/gcc/x86_64-elf-anos/16.0.0/crtend.o(.eh_frame); no .eh_frame_hdr table will be created
configure:10349: result: yes
configure:10364: checking if x86_64-elf-anos-gcc supports -c -o file.o
configure:10386: x86_64-elf-anos-gcc -c -g -O2  -o out/conftest2.o conftest.c >&5
configure:10390: $? = 0
configure:10413: result: yes
configure:10421: checking if x86_64-elf-anos-gcc supports -c -o file.o
configure:10470: result: yes
configure:10503: checking whether the x86_64-elf-anos-gcc linker (/Users/rosco/opt/cross-anos/x86_64-elf-anos/bin/ld) supports shared libraries
configure:11776: result: yes
configure:11813: checking whether -lc should be explicitly linked in
configure:11822: x86_64-elf-anos-gcc -c -g -O2  conftest.c >&5
configure:11825: $? = 0
configure:11840: x86_64-elf-anos-gcc -shared  -fPIC -DPIC conftest.o  -v -Wl,-soname -Wl,conftest -o conftest 2\>\&1 \| /usr/bin/grep  -lc  \>/dev/null 2\>\&1
configure:11843: $? = 0
configure:11858: result: no
configure:12018: checking dynamic linker characteristics
configure:12840: result: no
configure:12962: checking how to hardcode library paths into programs
configure:12987: result: immediate
configure:13587: checking whether stripping libraries is possible
configure:13596: result: yes
configure:13638: checking if libtool supports shared libraries
configure:13640: result: no
configure:13643: checking whether to build shared libraries
configure:13668: result: no
configure:13671: checking whether to build static libraries
configure:13675: result: yes
configure:13698: checking how to run the C++ preprocessor
configure:13720: x86_64-elf-anos-g++ -E  conftest.cpp
configure:13720: $? = 0
configure:13736: x86_64-elf-anos-g++ -E  conftest.cpp
conftest.cpp:22:10: fatal error: ac_nonexistent.h: No such file or directory
   22 | #include <ac_nonexistent.h>
      |          ^~~~~~~~~~~~~~~~~~
compilation terminated.
configure:13736: $? = 1
configure: failed program was:
| /* confdefs.h */
| #define PACKAGE_NAME "jansson"
| #define PACKAGE_TARNAME "jansson"
| #define PACKAGE_VERSION "2.13"
| #define PACKAGE_STRING "jansson 2.13"
| #define PACKAGE_BUGREPORT "https://github.com/akheron/jansson/issues"
| #define PACKAGE_URL ""
| #define PACKAGE "jansson"
| #define VERSION "2.13"
| #define HAVE_STDIO_H 1
| #define HAVE_STDLIB_H 1
| #define HAVE_STRING_H 1
| #define HAVE_INTTYPES_H 1
| #define HAVE_STDINT_H 1
| #define HAVE_STRINGS_H 1
| #define HAVE_SYS_STAT_H 1
| #define HAVE_SYS_TYPES_H 1
| #define HAVE_UNISTD_H 1
| #define STDC_HEADERS 1
| #define LT_OBJDIR ".libs/"
| /* end confdefs.h.  */
| #include <ac_nonexistent.h>
configure:13765: result: x86_64-elf-anos-g++ -E
configure:13779: x86_64-elf-anos-g++ -E  conftest.cpp
configure:13779: $? = 0
configure:13795: x86_64-elf-anos-g++ -E  conftest.cpp
conftest.cpp:22:10: fatal error: ac_nonexistent.h: No such file or directory
   22 | #include <ac_nonexistent.h>
      |          ^~~~~~~~~~~~~~~~~~
compilation terminated.
configure:13795: $? = 1
configure: failed program was:
| /* confdefs.h */
| #define PACKAGE_NAME "jansson"
| #define PACKAGE_TARNAME "jansson"
| #define PACKAGE_VERSION "2.13"
| #define PACKAGE_STRING "jansson 2.13"
| #define PACKAGE_BUGREPORT "https://github.com/akheron/jansson/issues"
| #define PACKAGE_URL ""
| #define PACKAGE "jansson"
| #define VERSION "2.13"
| #define HAVE_STDIO_H 1
| #define HAVE_STDLIB_H 1
| #define HAVE_STRING_H 1
| #define HAVE_INTTYPES_H 1
| #define HAVE_STDINT_H 1
| #define HAVE_STRINGS_H 1
| #define HAVE_SYS_STAT_H 1
| #define HAVE_SYS_TYPES_H 1
| #define HAVE_UNISTD_H 1
| #define STDC_HEADERS 1
| #define LT_OBJDIR ".libs/"
| /* end confdefs.h.  */
| #include <ac_nonexistent.h>
configure:13963: checking for ld used by x86_64-elf-anos-g++
configure:14032: result: /Users/rosco/opt/cross-anos/x86_64-elf-anos/bin/ld
configure:14039: checking if the linker (/Users/rosco/opt/cross-anos/x86_64-elf-anos/bin/ld) is GNU ld
configure:14056: result: yes
configure:14111: checking whether the x86_64-elf-anos-g++ linker (/Users/rosco/opt/cross-anos/x86_64-elf-anos/bin/ld) supports shared libraries
configure:15191: result: no
configure:15227: x86_64-elf-anos-g++ -c -g -O2  conftest.cpp >&5
configure:15230: $? = 0
configure:15711: checking for x86_64-elf-anos-g++ option to produce PIC
configure:15720: result: -fPIC -DPIC
configure:15728: checking if x86_64-elf-anos-g++ PIC flag -fPIC -DPIC works
configure:15747: x86_64-elf-anos-g++ -c -g -O2  -fPIC -DPIC -DPIC conftest.cpp >&5
configure:15751: $? = 0
configure:15765: result: yes
configure:15788: checking if x86_64-elf-anos-g++ static flag -static works
configure:15818: result: no
configure:15830: checking if x86_64-elf-anos-g++ supports -c -o file.o
configure:15852: x86_64-elf-anos-g++ -c -g -O2  -o out/conftest2.o conftest.cpp >&5
configure:15856: $? = 0
configure:15879: result: yes
configure:15884: checking if x86_64-elf-anos-g++ supports -c -o file.o
configure:15933: result: yes
configure:15963: checking whether the x86_64-elf-anos-g++ linker (/Users/rosco/opt/cross-anos/x86_64-elf-anos/bin/ld) supports shared libraries
configure:16003: result: no
configure:16146: checking dynamic linker characteristics
configure:16895: result: no
configure:16960: checking how to hardcode library paths into programs
configure:16985: result: immediate
configure:17058: checking for endian.h
configure:17058: x86_64-elf-anos-gcc -c -g -O2  conftest.c >&5
conftest.c:50:10: fatal error: endian.h: No such file or directory
   50 | #include <endian.h>
      |          ^~~~~~~~~~
compilation terminated.
configure:17058: $? = 1
configure: failed program was:
| /* confdefs.h */
| #define PACKAGE_NAME "jansson"
| #define PACKAGE_TARNAME "jansson"
| #define PACKAGE_VERSION "2.13"
| #define PACKAGE_STRING "jansson 2.13"
| #define PACKAGE_BUGREPORT "https://github.com/akheron/jansson/issues"
| #define PACKAGE_URL ""
| #define PACKAGE "jansson"
| #define VERSION "2.13"
| #define HAVE_STDIO_H 1
| #define HAVE_STDLIB_H 1
| #define HAVE_STRING_H 1
| #define HAVE_INTTYPES_H 1
| #define HAVE_STDINT_H 1
| #define HAVE_STRINGS_H 1
| #define HAVE_SYS_STAT_H 1
| #define HAVE_SYS_TYPES_H 1
| #define HAVE_UNISTD_H 1
| #define STDC_HEADERS 1
| #define LT_OBJDIR ".libs/"
| /* end confdefs.h.  */
| #include <stddef.h>
| #ifdef HAVE_STDIO_H
| # include <stdio.h>
| #endif
| #ifdef HAVE_STDLIB_H
| # include <stdlib.h>
| #endif
| #ifdef HAVE_STRING_H
| # include <string.h>
| #endif
| #ifdef HAVE_INTTYPES_H
| # include <inttypes.h>
| #endif
| #ifdef HAVE_STDINT_H
| # include <stdint.h>
| #endif
| #ifdef HAVE_STRINGS_H
| # include <strings.h>
| #endif
| #ifdef HAVE_SYS_TYPES_H
| # include <sys/types.h>
| #endif
| #ifdef HAVE_SYS_STAT_H
| # include <sys/stat.h>
| #endif
| #ifdef HAVE_UNISTD_H
| # include <unistd.h>
| #endif
| #include <endian.h>
configure:17058: result: no
configure:17064: checking for fcntl.h
configure:17064: x86_64-elf-anos-gcc -c -g -O2  conftest.c >&5
configure:17064: $? = 0
configure:17064: result: yes
configure:17070: checking for locale.h
configure:17070: x86_64-elf-anos-gcc -c -g -O2  conftest.c >&5
configure:17070: $? = 0
configure:17070: result: yes
configure:17076: checking for sched.h
configure:17076: x86_64-elf-anos-gcc -c -g -O2  conftest.c >&5
configure:17076: $? = 0
configure:17076: result: yes
configure:17082: checking for unistd.h
configure:17082: result: yes
configure:17088: checking for sys/param.h
configure:17088: x86_64-elf-anos-gcc -c -g -O2  conftest.c >&5
configure:17088: $? = 0
configure:17088: result: yes
configure:17094: checking for sys/stat.h
configure:17094: result: yes
configure:17100: checking for sys/time.h
configure:17100: x86_64-elf-anos-gcc -c -g -O2  conftest.c >&5
configure:17100: $? = 0
configure:17100: result: yes
configure:17106: checking for sys/types.h
configure:17106: result: yes
configure:17115: checking for int32_t
configure:17115: x86_64-elf-anos-gcc -c -g -O2  conftest.c >&5
configure:17115: $? = 0
configure:17115: x86_64-elf-anos-gcc -c -g -O2  conftest.c >&5
conftest.c: In function 'main':
conftest.c:63:67: warning: integer overflow in expression of type 'int' results in '-2147483648' [-Woverflow]
   63 |                  < (int32_t) (((((int32_t) 1 << N) << N) - 1) * 2 + 2))];
      |                                                                   ^
conftest.c:62:12: error: storage size of 'test_array' isn't constant
   62 | static int test_array [1 - 2 * !((int32_t) (((((int32_t) 1 << N) << N) - 1) * 2 + 1)
      |            ^~~~~~~~~~
configure:17115: $? = 1
configure: failed program was:
| /* confdefs.h */
| #define PACKAGE_NAME "jansson"
| #define PACKAGE_TARNAME "jansson"
| #define PACKAGE_VERSION "2.13"
| #define PACKAGE_STRING "jansson 2.13"
| #define PACKAGE_BUGREPORT "https://github.com/akheron/jansson/issues"
| #define PACKAGE_URL ""
| #define PACKAGE "jansson"
| #define VERSION "2.13"
| #define HAVE_STDIO_H 1
| #define HAVE_STDLIB_H 1
| #define HAVE_STRING_H 1
| #define HAVE_INTTYPES_H 1
| #define HAVE_STDINT_H 1
| #define HAVE_STRINGS_H 1
| #define HAVE_SYS_STAT_H 1
| #define HAVE_SYS_TYPES_H 1
| #define HAVE_UNISTD_H 1
| #define STDC_HEADERS 1
| #define LT_OBJDIR ".libs/"
| #define HAVE_FCNTL_H 1
| #define HAVE_LOCALE_H 1
| #define HAVE_SCHED_H 1
| #define HAVE_UNISTD_H 1
| #define HAVE_SYS_PARAM_H 1
| #define HAVE_SYS_STAT_H 1
| #define HAVE_SYS_TIME_H 1
| #define HAVE_SYS_TYPES_H 1
| /* end confdefs.h.  */
| #include <stddef.h>
| #ifdef HAVE_STDIO_H
| # include <stdio.h>
| #endif
| #ifdef HAVE_STDLIB_H
| # include <stdlib.h>
| #endif
| #ifdef HAVE_STRING_H
| # include <string.h>
| #endif
| #ifdef HAVE_INTTYPES_H
| # include <inttypes.h>
| #endif
| #ifdef HAVE_STDINT_H
| # include <stdint.h>
| #endif
| #ifdef HAVE_STRINGS_H
| # include <strings.h>
| #endif
| #ifdef HAVE_SYS_TYPES_H
| # include <sys/types.h>
| #endif
| #ifdef HAVE_SYS_STAT_H
| # include <sys/stat.h>
| #endif
| #ifdef HAVE_UNISTD_H
| # include <unistd.h>
| #endif
| 	        enum { N = 32 / 2 - 1 };
| int
| main (void)
| {
| static int test_array [1 - 2 * !((int32_t) (((((int32_t) 1 << N) << N) - 1) * 2 + 1)
| 		 < (int32_t) (((((int32_t) 1 << N) << N) - 1) * 2 + 2))];
| test_array [0] = 0;
| return test_array [0];
| 
|   ;
|   return 0;
| }
configure:17115: result: yes
configure:17124: checking for uint32_t
configure:17124: x86_64-elf-anos-gcc -c -g -O2  conftest.c >&5
configure:17124: $? = 0
configure:17124: result: yes
configure:17136: checking for uint16_t
configure:17136: x86_64-elf-anos-gcc -c -g -O2  conftest.c >&5
configure:17136: $? = 0
configure:17136: result: yes
configure:17146: checking for uint8_t
configure:17146: x86_64-elf-anos-gcc -c -g -O2  conftest.c >&5
configure:17146: $? = 0
configure:17146: result: yes
configure:17159: checking for unsigned long long int
configure:17201: x86_64-elf-anos-gcc -o conftest -g -O2   conftest.c  >&5
/Users/rosco/opt/cross-anos/lib/gcc/x86_64-elf-anos/16.0.0/../../../../x86_64-elf-anos/bin/ld: error in /Users/rosco/opt/cross-anos/lib/gcc/x86_64-elf-anos/16.0.0/crtend.o(.eh_frame); no .eh_frame_hdr table will be created
configure:17201: $? = 0
configure:17213: result: yes
configure:17223: checking for long long int
configure:17281: result: yes
configure:17290: checking for inline
configure:17307: x86_64-elf-anos-gcc -c -g -O2  conftest.c >&5
configure:17307: $? = 0
configure:17317: result: inline
configure:17343: checking for close
configure:17343: x86_64-elf-anos-gcc -o conftest -g -O2   conftest.c  >&5
/Users/rosco/opt/cross-anos/lib/gcc/x86_64-elf-anos/16.0.0/../../../../x86_64-elf-anos/bin/ld: error in /Users/rosco/opt/cross-anos/lib/gcc/x86_64-elf-anos/16.0.0/crtend.o(.eh_frame); no .eh_frame_hdr table will be created
configure:17343: $? = 0
configure:17343: result: yes
configure:17349: checking for getpid
configure:17349: x86_64-elf-anos-gcc -o conftest -g -O2   conftest.c  >&5
/Users/rosco/opt/cross-anos/lib/gcc/x86_64-elf-anos/16.0.0/../../../../x86_64-elf-anos/bin/ld: error in /Users/rosco/opt/cross-anos/lib/gcc/x86_64-elf-anos/16.0.0/crtend.o(.eh_frame); no .eh_frame_hdr table will be created
configure:17349: $? = 0
configure:17349: result: yes
configure:17355: checking for gettimeofday
configure:17355: x86_64-elf-anos-gcc -o conftest -g -O2   conftest.c  >&5
/Users/rosco/opt/cross-anos/lib/gcc/x86_64-elf-anos/16.0.0/../../../../x86_64-elf-anos/bin/ld: error in /Users/rosco/opt/cross-anos/lib/gcc/x86_64-elf-anos/16.0.0/crtend.o(.eh_frame); no .eh_frame_hdr table will be created
configure:17355: $? = 0
configure:17355: result: yes
configure:17361: checking for localeconv
configure:17361: x86_64-elf-anos-gcc -o conftest -g -O2   conftest.c  >&5
/Users/rosco/opt/cross-anos/lib/gcc/x86_64-elf-anos/16.0.0/../../../../x86_64-elf-anos/bin/ld: error in /Users/rosco/opt/cross-anos/lib/gcc/x86_64-elf-anos/16.0.0/crtend.o(.eh_frame); no .eh_frame_hdr table will be created
configure:17361: $? = 0
configure:17361: result: yes
configure:17367: checking for open
configure:17367: x86_64-elf-anos-gcc -o conftest -g -O2   conftest.c  >&5
/Users/rosco/opt/cross-anos/lib/gcc/x86_64-elf-anos/16.0.0/../../../../x86_64-elf-anos/bin/ld: error in /Users/rosco/opt/cross-anos/lib/gcc/x86_64-elf-anos/16.0.0/crtend.o(.eh_frame); no .eh_frame_hdr table will be created
configure:17367: $? = 0
configure:17367: result: yes
configure:17373: checking for read
configure:17373: x86_64-elf-anos-gcc -o conftest -g -O2   conftest.c  >&5
/Users/rosco/opt/cross-anos/lib/gcc/x86_64-elf-anos/16.0.0/../../../../x86_64-elf-anos/bin/ld: error in /Users/rosco/opt/cross-anos/lib/gcc/x86_64-elf-anos/16.0.0/crtend.o(.eh_frame); no .eh_frame_hdr table will be created
configure:17373: $? = 0
configure:17373: result: yes
configure:17379: checking for sched_yield
configure:17379: x86_64-elf-anos-gcc -o conftest -g -O2   conftest.c  >&5
/Users/rosco/opt/cross-anos/lib/gcc/x86_64-elf-anos/16.0.0/../../../../x86_64-elf-anos/bin/ld: error in /Users/rosco/opt/cross-anos/lib/gcc/x86_64-elf-anos/16.0.0/crtend.o(.eh_frame); no .eh_frame_hdr table will be created
/Users/rosco/opt/cross-anos/lib/gcc/x86_64-elf-anos/16.0.0/../../../../x86_64-elf-anos/bin/ld: /var/folders/fq/gcr2787j0gj_p65ct333_dt00000gn/T//ccZtaGxO.o: in function `main':
/Users/rosco/Developer/myprojects/anos/system/jansson-2.13/conftest.c:65:(.text.startup+0x5): undefined reference to `sched_yield'
collect2: error: ld returned 1 exit status
configure:17379: $? = 1
configure: failed program was:
| /* confdefs.h */
| #define PACKAGE_NAME "jansson"
| #define PACKAGE_TARNAME "jansson"
| #define PACKAGE_VERSION "2.13"
| #define PACKAGE_STRING "jansson 2.13"
| #define PACKAGE_BUGREPORT "https://github.com/akheron/jansson/issues"
| #define PACKAGE_URL ""
| #define PACKAGE "jansson"
| #define VERSION "2.13"
| #define HAVE_STDIO_H 1
| #define HAVE_STDLIB_H 1
| #define HAVE_STRING_H 1
| #define HAVE_INTTYPES_H 1
| #define HAVE_STDINT_H 1
| #define HAVE_STRINGS_H 1
| #define HAVE_SYS_STAT_H 1
| #define HAVE_SYS_TYPES_H 1
| #define HAVE_UNISTD_H 1
| #define STDC_HEADERS 1
| #define LT_OBJDIR ".libs/"
| #define HAVE_FCNTL_H 1
| #define HAVE_LOCALE_H 1
| #define HAVE_SCHED_H 1
| #define HAVE_UNISTD_H 1
| #define HAVE_SYS_PARAM_H 1
| #define HAVE_SYS_STAT_H 1
| #define HAVE_SYS_TIME_H 1
| #define HAVE_SYS_TYPES_H 1
| #define HAVE_UNSIGNED_LONG_LONG_INT 1
| #define HAVE_LONG_LONG_INT 1
| #define HAVE_CLOSE 1
| #define HAVE_GETPID 1
| #define HAVE_GETTIMEOFDAY 1
| #define HAVE_LOCALECONV 1
| #define HAVE_OPEN 1
| #define HAVE_READ 1
| /* end confdefs.h.  */
| /* Define sched_yield to an innocuous variant, in case <limits.h> declares sched_yield.
|    For example, HP-UX 11i <limits.h> declares gettimeofday.  */
| #define sched_yield innocuous_sched_yield
| 
| /* System header to define __stub macros and hopefully few prototypes,
|    which can conflict with char sched_yield (void); below.  */
| 
| #include <limits.h>
| #undef sched_yield
| 
| /* Override any GCC internal prototype to avoid an error.
|    Use char because int might match the return type of a GCC
|    builtin and then its argument prototype would still apply.  */
| #ifdef __cplusplus
| extern "C"
| #endif
| char sched_yield (void);
| /* The GNU C library defines this for functions which it implements
|     to always fail with ENOSYS.  Some functions are actually named
|     something starting with __ and the normal name is an alias.  */
| #if defined __stub_sched_yield || defined __stub___sched_yield
| choke me
| #endif
| 
| int
| main (void)
| {
| return sched_yield ();
|   ;
|   return 0;
| }
configure:17379: result: no
configure:17385: checking for strtoll
configure:17385: x86_64-elf-anos-gcc -o conftest -g -O2   conftest.c  >&5
/Users/rosco/opt/cross-anos/lib/gcc/x86_64-elf-anos/16.0.0/../../../../x86_64-elf-anos/bin/ld: error in /Users/rosco/opt/cross-anos/lib/gcc/x86_64-elf-anos/16.0.0/crtend.o(.eh_frame); no .eh_frame_hdr table will be created
configure:17385: $? = 0
configure:17385: result: yes
configure:17393: checking for gcc __sync builtins
configure:17407: x86_64-elf-anos-gcc -o conftest -g -O2   conftest.c  >&5
/Users/rosco/opt/cross-anos/lib/gcc/x86_64-elf-anos/16.0.0/../../../../x86_64-elf-anos/bin/ld: error in /Users/rosco/opt/cross-anos/lib/gcc/x86_64-elf-anos/16.0.0/crtend.o(.eh_frame); no .eh_frame_hdr table will be created
configure:17407: $? = 0
configure:17422: result: yes
configure:17425: checking for gcc __atomic builtins
configure:17439: x86_64-elf-anos-gcc -o conftest -g -O2   conftest.c  >&5
/Users/rosco/opt/cross-anos/lib/gcc/x86_64-elf-anos/16.0.0/../../../../x86_64-elf-anos/bin/ld: error in /Users/rosco/opt/cross-anos/lib/gcc/x86_64-elf-anos/16.0.0/crtend.o(.eh_frame); no .eh_frame_hdr table will be created
configure:17439: $? = 0
configure:17454: result: yes
configure:17526: checking for -Bsymbolic-functions linker flag
configure:17541: x86_64-elf-anos-gcc -o conftest -g -O2  -Wl,-Bsymbolic-functions conftest.c  >&5
/Users/rosco/opt/cross-anos/lib/gcc/x86_64-elf-anos/16.0.0/../../../../x86_64-elf-anos/bin/ld: error in /Users/rosco/opt/cross-anos/lib/gcc/x86_64-elf-anos/16.0.0/crtend.o(.eh_frame); no .eh_frame_hdr table will be created
configure:17541: $? = 0
configure:17543: result: yes
configure:17611: checking for -Wno-format-truncation
configure:17616: result: yes
configure:17740: checking that generated files are newer than configure
configure:17746: result: done
configure:17789: creating ./config.status

## ---------------------- ##
## Running config.status. ##
## ---------------------- ##

This file was extended by jansson config.status 2.13, which was
generated by GNU Autoconf 2.72.  Invocation command line was

  CONFIG_FILES    = 
  CONFIG_HEADERS  = 
  CONFIG_LINKS    = 
  CONFIG_COMMANDS = 
  $ ./config.status 

on Rosss-MacBook-Pro.local

config.status:1186: creating jansson.pc
config.status:1186: creating Makefile
config.status:1186: creating doc/Makefile
config.status:1186: creating src/Makefile
config.status:1186: creating src/jansson_config.h
config.status:1186: creating test/Makefile
config.status:1186: creating test/bin/Makefile
config.status:1186: creating test/ossfuzz/Makefile
config.status:1186: creating test/suites/Makefile
config.status:1186: creating test/suites/api/Makefile
config.status:1186: creating jansson_private_config.h
config.status:1367: jansson_private_config.h is unchanged
config.status:1415: executing depfiles commands
config.status:1492: cd src       && sed -e '/# am--include-marker/d' Makefile         | make -f - am--depfiles
make[1]: Nothing to be done for `am--depfiles'.
config.status:1497: $? = 0
config.status:1492: cd test/bin       && sed -e '/# am--include-marker/d' Makefile         | make -f - am--depfiles
make[1]: Nothing to be done for `am--depfiles'.
config.status:1497: $? = 0
config.status:1492: cd test/ossfuzz       && sed -e '/# am--include-marker/d' Makefile         | make -f - am--depfiles
make[1]: Nothing to be done for `am--depfiles'.
config.status:1497: $? = 0
config.status:1492: cd test/suites/api       && sed -e '/# am--include-marker/d' Makefile         | make -f - am--depfiles
make[1]: Nothing to be done for `am--depfiles'.
config.status:1497: $? = 0
config.status:1415: executing libtool commands

## ---------------- ##
## Cache variables. ##
## ---------------- ##

ac_cv_build=arm-apple-darwin24.6.0
ac_cv_c_compiler_gnu=yes
ac_cv_c_inline=inline
ac_cv_c_int32_t=yes
ac_cv_c_uint16_t=yes
ac_cv_c_uint32_t=yes
ac_cv_c_uint8_t=yes
ac_cv_cxx_compiler_gnu=yes
ac_cv_env_CCC_set=
ac_cv_env_CCC_value=
ac_cv_env_CC_set=
ac_cv_env_CC_value=
ac_cv_env_CFLAGS_set=
ac_cv_env_CFLAGS_value=
ac_cv_env_CPPFLAGS_set=
ac_cv_env_CPPFLAGS_value=
ac_cv_env_CXXCPP_set=
ac_cv_env_CXXCPP_value=
ac_cv_env_CXXFLAGS_set=
ac_cv_env_CXXFLAGS_value=
ac_cv_env_CXX_set=
ac_cv_env_CXX_value=
ac_cv_env_LDFLAGS_set=
ac_cv_env_LDFLAGS_value=
ac_cv_env_LIBS_set=
ac_cv_env_LIBS_value=
ac_cv_env_LT_SYS_LIBRARY_PATH_set=
ac_cv_env_LT_SYS_LIBRARY_PATH_value=
ac_cv_env_build_alias_set=
ac_cv_env_build_alias_value=
ac_cv_env_host_alias_set=set
ac_cv_env_host_alias_value=x86_64-elf-anos
ac_cv_env_target_alias_set=
ac_cv_env_target_alias_value=
ac_cv_func_close=yes
ac_cv_func_getpid=yes
ac_cv_func_gettimeofday=yes
ac_cv_func_localeconv=yes
ac_cv_func_open=yes
ac_cv_func_read=yes
ac_cv_func_sched_yield=no
ac_cv_func_strtoll=yes
ac_cv_header_dlfcn_h=no
ac_cv_header_endian_h=no
ac_cv_header_fcntl_h=yes
ac_cv_header_inttypes_h=yes
ac_cv_header_locale_h=yes
ac_cv_header_sched_h=yes
ac_cv_header_stdint_h=yes
ac_cv_header_stdio_h=yes
ac_cv_header_stdlib_h=yes
ac_cv_header_string_h=yes
ac_cv_header_strings_h=yes
ac_cv_header_sys_param_h=yes
ac_cv_header_sys_stat_h=yes
ac_cv_header_sys_time_h=yes
ac_cv_header_sys_types_h=yes
ac_cv_header_unistd_h=yes
ac_cv_host=x86_64-elf-anos
ac_cv_objext=o
ac_cv_path_EGREP='/usr/bin/grep -E'
ac_cv_path_EGREP_TRADITIONAL='/usr/bin/grep -E'
ac_cv_path_FGREP='/usr/bin/grep -F'
ac_cv_path_GREP=/usr/bin/grep
ac_cv_path_SED=/usr/bin/sed
ac_cv_path_install='/usr/bin/install -c'
ac_cv_path_lt_DD=/bin/dd
ac_cv_prog_AR=x86_64-elf-anos-ar
ac_cv_prog_AWK=awk
ac_cv_prog_CC=x86_64-elf-anos-gcc
ac_cv_prog_CXX=x86_64-elf-anos-g++
ac_cv_prog_CXXCPP='x86_64-elf-anos-g++ -E'
ac_cv_prog_OBJDUMP=x86_64-elf-anos-objdump
ac_cv_prog_RANLIB=x86_64-elf-anos-ranlib
ac_cv_prog_STRIP=x86_64-elf-anos-strip
ac_cv_prog_cc_c11=
ac_cv_prog_cc_g=yes
ac_cv_prog_cc_stdc=
ac_cv_prog_cxx_cxx11=no
ac_cv_prog_cxx_cxx98=no
ac_cv_prog_cxx_g=yes
ac_cv_prog_make_make_set=yes
ac_cv_type_long_long_int=yes
ac_cv_type_unsigned_long_long_int=yes
am_cv_CC_dependencies_compiler_type=gcc3
am_cv_CXX_dependencies_compiler_type=gcc3
am_cv_make_support_nested_variables=yes
am_cv_prog_cc_c_o=yes
lt_cv_ar_at_file=@
lt_cv_archive_cmds_need_lc=no
lt_cv_deplibs_check_method=unknown
lt_cv_file_magic_cmd='$MAGIC_CMD'
lt_cv_file_magic_test_file=
lt_cv_ld_reload_flag=-r
lt_cv_nm_interface='BSD nm'
lt_cv_objdir=.libs
lt_cv_path_LD=/Users/rosco/opt/cross-anos/x86_64-elf-anos/bin/ld
lt_cv_path_LDCXX=/Users/rosco/opt/cross-anos/x86_64-elf-anos/bin/ld
lt_cv_path_NM='/Users/rosco/opt/cross-anos/bin/x86_64-elf-anos-nm -B'
lt_cv_path_mainfest_tool=no
lt_cv_prog_compiler_c_o=yes
lt_cv_prog_compiler_c_o_CXX=yes
lt_cv_prog_compiler_pic='-fPIC -DPIC'
lt_cv_prog_compiler_pic_CXX='-fPIC -DPIC'
lt_cv_prog_compiler_pic_works=yes
lt_cv_prog_compiler_pic_works_CXX=yes
lt_cv_prog_compiler_rtti_exceptions=no
lt_cv_prog_compiler_static_works=yes
lt_cv_prog_compiler_static_works_CXX=no
lt_cv_prog_gnu_ld=yes
lt_cv_prog_gnu_ldcxx=yes
lt_cv_sharedlib_from_linklib_cmd='printf %s\n'
lt_cv_sys_global_symbol_pipe='sed -n -e '\''s/^.*[	 ]\([ABCDGIRSTW][ABCDGIRSTW]*\)[	 ][	 ]*\([_A-Za-z][_A-Za-z0-9]*\)$/\1 \2 \2/p'\'' | sed '\''/ __gnu_lto/d'\'''
lt_cv_sys_global_symbol_to_c_name_address='sed -n -e '\''s/^: \(.*\) .*$/  {"\1", (void *) 0},/p'\'' -e '\''s/^[ABCDGIRSTW][ABCDGIRSTW]* .* \(.*\)$/  {"\1", (void *) \&\1},/p'\'''
lt_cv_sys_global_symbol_to_c_name_address_lib_prefix='sed -n -e '\''s/^: \(.*\) .*$/  {"\1", (void *) 0},/p'\'' -e '\''s/^[ABCDGIRSTW][ABCDGIRSTW]* .* \(lib.*\)$/  {"\1", (void *) \&\1},/p'\'' -e '\''s/^[ABCDGIRSTW][ABCDGIRSTW]* .* \(.*\)$/  {"lib\1", (void *) \&\1},/p'\'''
lt_cv_sys_global_symbol_to_cdecl='sed -n -e '\''s/^T .* \(.*\)$/extern int \1();/p'\'' -e '\''s/^[ABCDGIRSTW][ABCDGIRSTW]* .* \(.*\)$/extern char \1;/p'\'''
lt_cv_sys_global_symbol_to_import=
lt_cv_sys_max_cmd_len=786432
lt_cv_to_host_file_cmd=func_convert_file_noop
lt_cv_to_tool_file_cmd=func_convert_file_noop
lt_cv_truncate_bin='/bin/dd bs=4096 count=1'

## ----------------- ##
## Output variables. ##
## ----------------- ##

ACLOCAL='${SHELL} /Users/rosco/Developer/myprojects/anos/system/jansson-2.13/missing aclocal-1.16'
AMDEPBACKSLASH='\'
AMDEP_FALSE='#'
AMDEP_TRUE=''
AMTAR='$${TAR-tar}'
AM_BACKSLASH='\'
AM_CFLAGS='-Wall -Wextra -Wdeclaration-after-statement -Wshadow -Wno-format-truncation'
AM_DEFAULT_V='$(AM_DEFAULT_VERBOSITY)'
AM_DEFAULT_VERBOSITY='1'
AM_V='$(V)'
AR='x86_64-elf-anos-ar'
AUTOCONF='${SHELL} /Users/rosco/Developer/myprojects/anos/system/jansson-2.13/missing autoconf'
AUTOHEADER='${SHELL} /Users/rosco/Developer/myprojects/anos/system/jansson-2.13/missing autoheader'
AUTOMAKE='${SHELL} /Users/rosco/Developer/myprojects/anos/system/jansson-2.13/missing automake-1.16'
AWK='awk'
CC='x86_64-elf-anos-gcc'
CCDEPMODE='depmode=gcc3'
CFLAGS='-g -O2'
CPPFLAGS=''
CXX='x86_64-elf-anos-g++'
CXXCPP='x86_64-elf-anos-g++ -E'
CXXDEPMODE='depmode=gcc3'
CXXFLAGS='-g -O2'
CYGPATH_W='echo'
DEFS='-DHAVE_CONFIG_H'
DEPDIR='.deps'
DLLTOOL='false'
DSYMUTIL=''
DUMPBIN=''
ECHO_C='\c'
ECHO_N=''
ECHO_T=''
EGREP='/usr/bin/grep -E'
EXEEXT=''
FGREP='/usr/bin/grep -F'
GCC_FALSE='#'
GCC_TRUE=''
GREP='/usr/bin/grep'
INSTALL_DATA='${INSTALL} -m 644'
INSTALL_PROGRAM='${INSTALL}'
INSTALL_SCRIPT='${INSTALL}'
INSTALL_STRIP_PROGRAM='$(install_sh) -c -s'
JSON_BSYMBOLIC_LDFLAGS='-Wl,-Bsymbolic-functions'
LD='/Users/rosco/opt/cross-anos/x86_64-elf-anos/bin/ld'
LDFLAGS=''
LIBOBJS=''
LIBS=''
LIBTOOL='$(SHELL) $(top_builddir)/libtool'
LIB_FUZZING_ENGINE=''
LIPO=''
LN_S='ln -s'
LTLIBOBJS=''
LT_SYS_LIBRARY_PATH=''
MAKEINFO='${SHELL} /Users/rosco/Developer/myprojects/anos/system/jansson-2.13/missing makeinfo'
MANIFEST_TOOL=':'
MKDIR_P='mkdir -p'
NM='/Users/rosco/opt/cross-anos/bin/x86_64-elf-anos-nm -B'
NMEDIT=''
OBJDUMP='x86_64-elf-anos-objdump'
OBJEXT='o'
OTOOL64=''
OTOOL=''
PACKAGE='jansson'
PACKAGE_BUGREPORT='https://github.com/akheron/jansson/issues'
PACKAGE_NAME='jansson'
PACKAGE_STRING='jansson 2.13'
PACKAGE_TARNAME='jansson'
PACKAGE_URL=''
PACKAGE_VERSION='2.13'
PATH_SEPARATOR=':'
RANLIB='x86_64-elf-anos-ranlib'
SED='/usr/bin/sed'
SET_MAKE=''
SHELL='/bin/sh'
STRIP='x86_64-elf-anos-strip'
USE_OSSFUZZERS_FALSE=''
USE_OSSFUZZERS_TRUE='#'
USE_OSSFUZZ_FLAG_FALSE=''
USE_OSSFUZZ_FLAG_TRUE='#'
USE_OSSFUZZ_STATIC_FALSE=''
USE_OSSFUZZ_STATIC_TRUE='#'
VERSION='2.13'
ac_ct_AR=''
ac_ct_CC=''
ac_ct_CXX=''
ac_ct_DUMPBIN=''
am__EXEEXT_FALSE=''
am__EXEEXT_TRUE='#'
am__fastdepCC_FALSE='#'
am__fastdepCC_TRUE=''
am__fastdepCXX_FALSE='#'
am__fastdepCXX_TRUE=''
am__include='include'
am__isrc=''
am__leading_dot='.'
am__nodep='_no'
am__quote=''
am__tar='$${TAR-tar} chof - "$$tardir"'
am__untar='$${TAR-tar} xf -'
bindir='${exec_prefix}/bin'
build='arm-apple-darwin24.6.0'
build_alias=''
build_cpu='arm'
build_os='darwin24.6.0'
build_vendor='apple'
datadir='${datarootdir}'
datarootdir='${prefix}/share'
docdir='${datarootdir}/doc/${PACKAGE_TARNAME}'
dvidir='${docdir}'
exec_prefix='${prefix}'
host='x86_64-elf-anos'
host_alias='x86_64-elf-anos'
host_cpu='x86_64'
host_os='anos'
host_vendor='elf'
htmldir='${docdir}'
includedir='${prefix}/include'
infodir='${datarootdir}/info'
install_sh='${SHELL} /Users/rosco/Developer/myprojects/anos/system/jansson-2.13/install-sh'
json_have_atomic_builtins='1'
json_have_localeconv='1'
json_have_long_long='1'
json_have_sync_builtins='1'
json_inline='inline'
libdir='${exec_prefix}/lib'
libexecdir='${exec_prefix}/libexec'
localedir='${datarootdir}/locale'
localstatedir='${prefix}/var'
mandir='${datarootdir}/man'
mkdir_p='$(MKDIR_P)'
oldincludedir='/usr/include'
pdfdir='${docdir}'
prefix='/usr/local'
program_transform_name='s,x,x,'
psdir='${docdir}'
runstatedir='${localstatedir}/run'
sbindir='${exec_prefix}/sbin'
sharedstatedir='${prefix}/com'
sysconfdir='${prefix}/etc'
target_alias=''

## ----------- ##
## confdefs.h. ##
## ----------- ##

/* confdefs.h */
#define PACKAGE_NAME "jansson"
#define PACKAGE_TARNAME "jansson"
#define PACKAGE_VERSION "2.13"
#define PACKAGE_STRING "jansson 2.13"
#define PACKAGE_BUGREPORT "https://github.com/akheron/jansson/issues"
#define PACKAGE_URL ""
#define PACKAGE "jansson"
#define VERSION "2.13"
#define HAVE_STDIO_H 1
#define HAVE_STDLIB_H 1
#define HAVE_STRING_H 1
#define HAVE_INTTYPES_H 1
#define HAVE_STDINT_H 1
#define HAVE_STRINGS_H 1
#define HAVE_SYS_STAT_H 1
#define HAVE_SYS_TYPES_H 1
#define HAVE_UNISTD_H 1
#define STDC_HEADERS 1
#define LT_OBJDIR ".libs/"
#define HAVE_FCNTL_H 1
#define HAVE_LOCALE_H 1
#define HAVE_SCHED_H 1
#define HAVE_UNISTD_H 1
#define HAVE_SYS_PARAM_H 1
#define HAVE_SYS_STAT_H 1
#define HAVE_SYS_TIME_H 1
#define HAVE_SYS_TYPES_H 1
#define HAVE_UNSIGNED_LONG_LONG_INT 1
#define HAVE_LONG_LONG_INT 1
#define HAVE_CLOSE 1
#define HAVE_GETPID 1
#define HAVE_GETTIMEOFDAY 1
#define HAVE_LOCALECONV 1
#define HAVE_OPEN 1
#define HAVE_READ 1
#define HAVE_STRTOLL 1
#define HAVE_SYNC_BUILTINS 1
#define HAVE_ATOMIC_BUILTINS 1
#define USE_URANDOM 1
#define USE_WINDOWS_CRYPTOAPI 1
#define INITIAL_HASHTABLE_ORDER 3

configure: exit 0
